[1.256s] DEBUG:colcon:Command line arguments: ['/usr/bin/colcon', 'build', '--symlink-install', '--packages-select', 'cpp_pubsub']
[1.257s] DEBUG:colcon:Parsed command line arguments: Namespace(ament_cmake_args=None, base_paths='.', build_base='build', catkin_cmake_args=None, catkin_skip_building_tests=False, cmake_args=None, cmake_clean_cache=False, cmake_clean_first=False, cmake_force_configure=False, cmake_target=None, cmake_target_skip_unavailable=False, continue_on_error=False, event_handlers=None, executor='parallel', ignore_user_meta=False, install_base='install', log_base='log', log_level=None, main=<bound method BuildVerb.main of <colcon_core.verb.build.BuildVerb object at 0xffffbb85d240>>, merge_install=False, metas='./colcon.meta', packages_above=None, packages_above_depth=None, packages_end=None, packages_ignore=None, packages_ignore_regex=None, packages_select=['cpp_pubsub'], packages_select_build_failed=False, packages_select_by_dep=None, packages_select_regex=None, packages_select_test_failures=False, packages_skip=None, packages_skip_build_finished=False, packages_skip_by_dep=None, packages_skip_regex=None, packages_skip_test_passed=False, packages_skip_up_to=None, packages_start=None, packages_up_to=None, parallel_workers=4, paths=None, symlink_install=True, test_result_base=None, verb_extension=<colcon_core.verb.build.BuildVerb object at 0xffffbb85d240>, verb_name='build', verb_parser=<colcon_defaults.argument_parser.defaults.DefaultArgumentsDecorator object at 0xffffbb85d550>)
[1.617s] Level 1:colcon.colcon_core.package_discovery:discover_packages(colcon_meta) check parameters
[1.619s] Level 1:colcon.colcon_core.package_discovery:discover_packages(recursive) check parameters
[1.620s] Level 1:colcon.colcon_core.package_discovery:discover_packages(ignore) check parameters
[1.620s] Level 1:colcon.colcon_core.package_discovery:discover_packages(path) check parameters
[1.620s] Level 1:colcon.colcon_core.package_discovery:discover_packages(recursive) discover
[1.623s] INFO:colcon.colcon_core.package_discovery:Crawling recursively for packages in '/home/portia/ThirdYearProject/ros2OnBot_ws'
[1.624s] Level 1:colcon.colcon_core.package_identification:_identify(/home/portia/ThirdYearProject/ros2OnBot_ws) by extensions ['ignore', 'ignore_ament_install']
[1.625s] Level 1:colcon.colcon_core.package_identification:_identify(/home/portia/ThirdYearProject/ros2OnBot_ws) by extension 'ignore'
[1.626s] Level 1:colcon.colcon_core.package_identification:_identify(/home/portia/ThirdYearProject/ros2OnBot_ws) by extension 'ignore_ament_install'
[1.626s] Level 1:colcon.colcon_core.package_identification:_identify(/home/portia/ThirdYearProject/ros2OnBot_ws) by extensions ['colcon_pkg']
[1.627s] Level 1:colcon.colcon_core.package_identification:_identify(/home/portia/ThirdYearProject/ros2OnBot_ws) by extension 'colcon_pkg'
[1.628s] Level 1:colcon.colcon_core.package_identification:_identify(/home/portia/ThirdYearProject/ros2OnBot_ws) by extensions ['colcon_meta']
[1.628s] Level 1:colcon.colcon_core.package_identification:_identify(/home/portia/ThirdYearProject/ros2OnBot_ws) by extension 'colcon_meta'
[1.629s] Level 1:colcon.colcon_core.package_identification:_identify(/home/portia/ThirdYearProject/ros2OnBot_ws) by extensions ['ros']
[1.629s] Level 1:colcon.colcon_core.package_identification:_identify(/home/portia/ThirdYearProject/ros2OnBot_ws) by extension 'ros'
[1.727s] Level 1:colcon.colcon_core.package_identification:_identify(/home/portia/ThirdYearProject/ros2OnBot_ws) by extensions ['cmake', 'python']
[1.729s] Level 1:colcon.colcon_core.package_identification:_identify(/home/portia/ThirdYearProject/ros2OnBot_ws) by extension 'cmake'
[1.730s] Level 1:colcon.colcon_core.package_identification:_identify(/home/portia/ThirdYearProject/ros2OnBot_ws) by extension 'python'
[1.730s] Level 1:colcon.colcon_core.package_identification:_identify(/home/portia/ThirdYearProject/ros2OnBot_ws) by extensions ['python_setup_py']
[1.731s] Level 1:colcon.colcon_core.package_identification:_identify(/home/portia/ThirdYearProject/ros2OnBot_ws) by extension 'python_setup_py'
[1.732s] Level 1:colcon.colcon_core.package_identification:_identify(/home/portia/ThirdYearProject/ros2OnBot_ws/build) by extensions ['ignore', 'ignore_ament_install']
[1.733s] Level 1:colcon.colcon_core.package_identification:_identify(/home/portia/ThirdYearProject/ros2OnBot_ws/build) by extension 'ignore'
[1.734s] Level 1:colcon.colcon_core.package_identification:_identify(/home/portia/ThirdYearProject/ros2OnBot_ws/build) ignored
[1.737s] Level 1:colcon.colcon_core.package_identification:_identify(/home/portia/ThirdYearProject/ros2OnBot_ws/install) by extensions ['ignore', 'ignore_ament_install']
[1.738s] Level 1:colcon.colcon_core.package_identification:_identify(/home/portia/ThirdYearProject/ros2OnBot_ws/install) by extension 'ignore'
[1.738s] Level 1:colcon.colcon_core.package_identification:_identify(/home/portia/ThirdYearProject/ros2OnBot_ws/install) ignored
[1.739s] Level 1:colcon.colcon_core.package_identification:_identify(/home/portia/ThirdYearProject/ros2OnBot_ws/log) by extensions ['ignore', 'ignore_ament_install']
[1.740s] Level 1:colcon.colcon_core.package_identification:_identify(/home/portia/ThirdYearProject/ros2OnBot_ws/log) by extension 'ignore'
[1.740s] Level 1:colcon.colcon_core.package_identification:_identify(/home/portia/ThirdYearProject/ros2OnBot_ws/log) ignored
[1.741s] Level 1:colcon.colcon_core.package_identification:_identify(/home/portia/ThirdYearProject/ros2OnBot_ws/src) by extensions ['ignore', 'ignore_ament_install']
[1.742s] Level 1:colcon.colcon_core.package_identification:_identify(/home/portia/ThirdYearProject/ros2OnBot_ws/src) by extension 'ignore'
[1.743s] Level 1:colcon.colcon_core.package_identification:_identify(/home/portia/ThirdYearProject/ros2OnBot_ws/src) by extension 'ignore_ament_install'
[1.744s] Level 1:colcon.colcon_core.package_identification:_identify(/home/portia/ThirdYearProject/ros2OnBot_ws/src) by extensions ['colcon_pkg']
[1.744s] Level 1:colcon.colcon_core.package_identification:_identify(/home/portia/ThirdYearProject/ros2OnBot_ws/src) by extension 'colcon_pkg'
[1.745s] Level 1:colcon.colcon_core.package_identification:_identify(/home/portia/ThirdYearProject/ros2OnBot_ws/src) by extensions ['colcon_meta']
[1.746s] Level 1:colcon.colcon_core.package_identification:_identify(/home/portia/ThirdYearProject/ros2OnBot_ws/src) by extension 'colcon_meta'
[1.746s] Level 1:colcon.colcon_core.package_identification:_identify(/home/portia/ThirdYearProject/ros2OnBot_ws/src) by extensions ['ros']
[1.747s] Level 1:colcon.colcon_core.package_identification:_identify(/home/portia/ThirdYearProject/ros2OnBot_ws/src) by extension 'ros'
[1.748s] Level 1:colcon.colcon_core.package_identification:_identify(/home/portia/ThirdYearProject/ros2OnBot_ws/src) by extensions ['cmake', 'python']
[1.749s] Level 1:colcon.colcon_core.package_identification:_identify(/home/portia/ThirdYearProject/ros2OnBot_ws/src) by extension 'cmake'
[1.750s] Level 1:colcon.colcon_core.package_identification:_identify(/home/portia/ThirdYearProject/ros2OnBot_ws/src) by extension 'python'
[1.750s] Level 1:colcon.colcon_core.package_identification:_identify(/home/portia/ThirdYearProject/ros2OnBot_ws/src) by extensions ['python_setup_py']
[1.751s] Level 1:colcon.colcon_core.package_identification:_identify(/home/portia/ThirdYearProject/ros2OnBot_ws/src) by extension 'python_setup_py'
[1.752s] Level 1:colcon.colcon_core.package_identification:_identify(/home/portia/ThirdYearProject/ros2OnBot_ws/src/cpp_pubsub) by extensions ['ignore', 'ignore_ament_install']
[1.753s] Level 1:colcon.colcon_core.package_identification:_identify(/home/portia/ThirdYearProject/ros2OnBot_ws/src/cpp_pubsub) by extension 'ignore'
[1.754s] Level 1:colcon.colcon_core.package_identification:_identify(/home/portia/ThirdYearProject/ros2OnBot_ws/src/cpp_pubsub) by extension 'ignore_ament_install'
[1.755s] Level 1:colcon.colcon_core.package_identification:_identify(/home/portia/ThirdYearProject/ros2OnBot_ws/src/cpp_pubsub) by extensions ['colcon_pkg']
[1.755s] Level 1:colcon.colcon_core.package_identification:_identify(/home/portia/ThirdYearProject/ros2OnBot_ws/src/cpp_pubsub) by extension 'colcon_pkg'
[1.756s] Level 1:colcon.colcon_core.package_identification:_identify(/home/portia/ThirdYearProject/ros2OnBot_ws/src/cpp_pubsub) by extensions ['colcon_meta']
[1.757s] Level 1:colcon.colcon_core.package_identification:_identify(/home/portia/ThirdYearProject/ros2OnBot_ws/src/cpp_pubsub) by extension 'colcon_meta'
[1.757s] Level 1:colcon.colcon_core.package_identification:_identify(/home/portia/ThirdYearProject/ros2OnBot_ws/src/cpp_pubsub) by extensions ['ros']
[1.758s] Level 1:colcon.colcon_core.package_identification:_identify(/home/portia/ThirdYearProject/ros2OnBot_ws/src/cpp_pubsub) by extension 'ros'
[1.776s] DEBUG:colcon.colcon_core.package_identification:Package '/home/portia/ThirdYearProject/ros2OnBot_ws/src/cpp_pubsub' with type 'ros.ament_cmake' and name 'cpp_pubsub'
[1.777s] Level 1:colcon.colcon_core.package_discovery:discover_packages(recursive) using defaults
[1.822s] Level 5:colcon.colcon_core.verb:set package 'cpp_pubsub' build argument 'cmake_args' from command line to 'None'
[1.823s] Level 5:colcon.colcon_core.verb:set package 'cpp_pubsub' build argument 'cmake_target' from command line to 'None'
[1.823s] Level 5:colcon.colcon_core.verb:set package 'cpp_pubsub' build argument 'cmake_target_skip_unavailable' from command line to 'False'
[1.823s] Level 5:colcon.colcon_core.verb:set package 'cpp_pubsub' build argument 'cmake_clean_cache' from command line to 'False'
[1.824s] Level 5:colcon.colcon_core.verb:set package 'cpp_pubsub' build argument 'cmake_clean_first' from command line to 'False'
[1.824s] Level 5:colcon.colcon_core.verb:set package 'cpp_pubsub' build argument 'cmake_force_configure' from command line to 'False'
[1.824s] Level 5:colcon.colcon_core.verb:set package 'cpp_pubsub' build argument 'ament_cmake_args' from command line to 'None'
[1.824s] Level 5:colcon.colcon_core.verb:set package 'cpp_pubsub' build argument 'catkin_cmake_args' from command line to 'None'
[1.825s] Level 5:colcon.colcon_core.verb:set package 'cpp_pubsub' build argument 'catkin_skip_building_tests' from command line to 'False'
[1.825s] DEBUG:colcon.colcon_core.verb:Building package 'cpp_pubsub' with the following arguments: {'ament_cmake_args': None, 'build_base': '/home/portia/ThirdYearProject/ros2OnBot_ws/build/cpp_pubsub', 'catkin_cmake_args': None, 'catkin_skip_building_tests': False, 'cmake_args': None, 'cmake_clean_cache': False, 'cmake_clean_first': False, 'cmake_force_configure': False, 'cmake_target': None, 'cmake_target_skip_unavailable': False, 'install_base': '/home/portia/ThirdYearProject/ros2OnBot_ws/install/cpp_pubsub', 'merge_install': False, 'path': '/home/portia/ThirdYearProject/ros2OnBot_ws/src/cpp_pubsub', 'symlink_install': True, 'test_result_base': None}
[1.837s] INFO:colcon.colcon_core.executor:Executing jobs using 'parallel' executor
[1.842s] DEBUG:colcon.colcon_parallel_executor.executor.parallel:run_until_complete
[1.843s] INFO:colcon.colcon_ros.task.ament_cmake.build:Building ROS package in '/home/portia/ThirdYearProject/ros2OnBot_ws/src/cpp_pubsub' with build type 'ament_cmake'
[1.872s] INFO:colcon.colcon_core.plugin_system:Skipping extension 'colcon_core.shell.bat': Not used on non-Windows systems
[1.873s] INFO:colcon.colcon_cmake.task.cmake.build:Building CMake package in '/home/portia/ThirdYearProject/ros2OnBot_ws/src/cpp_pubsub'
[1.878s] INFO:colcon.colcon_core.shell:Skip shell extension 'powershell' for command environment: Not usable outside of PowerShell
[1.878s] DEBUG:colcon.colcon_core.shell:Skip shell extension 'dsv' for command environment
[1.907s] DEBUG:colcon.colcon_core.shell:Ignoring prefix path '/opt/ros/dashing'
[1.959s] DEBUG:colcon.colcon_core.event_handler.log_command:Invoking command in '/home/portia/ThirdYearProject/ros2OnBot_ws/build/cpp_pubsub': CMAKE_PREFIX_PATH=${CMAKE_PREFIX_PATH}:/home/portia/turtlebot3_ws/install/turtlebot3_teleop:/opt/ros/dashing /usr/bin/cmake /home/portia/ThirdYearProject/ros2OnBot_ws/src/cpp_pubsub -DAMENT_CMAKE_SYMLINK_INSTALL=1 -DCMAKE_INSTALL_PREFIX=/home/portia/ThirdYearProject/ros2OnBot_ws/install/cpp_pubsub
[13.202s] DEBUG:colcon.colcon_core.event_handler.log_command:Invoked command in '/home/portia/ThirdYearProject/ros2OnBot_ws/build/cpp_pubsub' returned '0': CMAKE_PREFIX_PATH=${CMAKE_PREFIX_PATH}:/home/portia/turtlebot3_ws/install/turtlebot3_teleop:/opt/ros/dashing /usr/bin/cmake /home/portia/ThirdYearProject/ros2OnBot_ws/src/cpp_pubsub -DAMENT_CMAKE_SYMLINK_INSTALL=1 -DCMAKE_INSTALL_PREFIX=/home/portia/ThirdYearProject/ros2OnBot_ws/install/cpp_pubsub
[13.228s] DEBUG:colcon.colcon_core.event_handler.log_command:Invoking command in '/home/portia/ThirdYearProject/ros2OnBot_ws/build/cpp_pubsub': CMAKE_PREFIX_PATH=${CMAKE_PREFIX_PATH}:/home/portia/turtlebot3_ws/install/turtlebot3_teleop:/opt/ros/dashing /usr/bin/cmake --build /home/portia/ThirdYearProject/ros2OnBot_ws/build/cpp_pubsub -- -j4 -l4
[33.423s] DEBUG:colcon.colcon_core.event_handler.log_command:Invoked command in '/home/portia/ThirdYearProject/ros2OnBot_ws/build/cpp_pubsub' returned '0': CMAKE_PREFIX_PATH=${CMAKE_PREFIX_PATH}:/home/portia/turtlebot3_ws/install/turtlebot3_teleop:/opt/ros/dashing /usr/bin/cmake --build /home/portia/ThirdYearProject/ros2OnBot_ws/build/cpp_pubsub -- -j4 -l4
[33.588s] DEBUG:colcon.colcon_core.event_handler.log_command:Invoking command in '/home/portia/ThirdYearProject/ros2OnBot_ws/build/cpp_pubsub': CMAKE_PREFIX_PATH=${CMAKE_PREFIX_PATH}:/home/portia/turtlebot3_ws/install/turtlebot3_teleop:/opt/ros/dashing /usr/bin/cmake --build /home/portia/ThirdYearProject/ros2OnBot_ws/build/cpp_pubsub --target install -- -j4 -l4
[34.785s] Level 1:colcon.colcon_core.environment:create_environment_scripts_only(cpp_pubsub)
[34.791s] DEBUG:colcon.colcon_core.event_handler.log_command:Invoked command in '/home/portia/ThirdYearProject/ros2OnBot_ws/build/cpp_pubsub' returned '0': CMAKE_PREFIX_PATH=${CMAKE_PREFIX_PATH}:/home/portia/turtlebot3_ws/install/turtlebot3_teleop:/opt/ros/dashing /usr/bin/cmake --build /home/portia/ThirdYearProject/ros2OnBot_ws/build/cpp_pubsub --target install -- -j4 -l4
[34.814s] Level 1:colcon.colcon_core.environment:checking '/home/portia/ThirdYearProject/ros2OnBot_ws/install/cpp_pubsub' for CMake module files
[34.820s] Level 1:colcon.colcon_core.environment:checking '/home/portia/ThirdYearProject/ros2OnBot_ws/install/cpp_pubsub' for CMake config files
[34.822s] Level 1:colcon.colcon_core.shell:create_environment_hook('cpp_pubsub', 'cmake_prefix_path')
[34.827s] INFO:colcon.colcon_core.shell:Creating environment hook '/home/portia/ThirdYearProject/ros2OnBot_ws/install/cpp_pubsub/share/cpp_pubsub/hook/cmake_prefix_path.ps1'
[34.832s] INFO:colcon.colcon_core.shell:Creating environment descriptor '/home/portia/ThirdYearProject/ros2OnBot_ws/install/cpp_pubsub/share/cpp_pubsub/hook/cmake_prefix_path.dsv'
[34.836s] INFO:colcon.colcon_core.shell:Creating environment hook '/home/portia/ThirdYearProject/ros2OnBot_ws/install/cpp_pubsub/share/cpp_pubsub/hook/cmake_prefix_path.sh'
[34.846s] Level 1:colcon.colcon_core.environment:checking '/home/portia/ThirdYearProject/ros2OnBot_ws/install/cpp_pubsub/lib'
[34.848s] Level 1:colcon.colcon_core.environment:checking '/home/portia/ThirdYearProject/ros2OnBot_ws/install/cpp_pubsub/bin'
[34.848s] Level 1:colcon.colcon_core.environment:checking '/home/portia/ThirdYearProject/ros2OnBot_ws/install/cpp_pubsub/lib/pkgconfig/cpp_pubsub.pc'
[34.849s] Level 1:colcon.colcon_core.environment:checking '/home/portia/ThirdYearProject/ros2OnBot_ws/install/cpp_pubsub/lib/python3.6/site-packages'
[34.854s] INFO:colcon.colcon_core.shell:Creating package script '/home/portia/ThirdYearProject/ros2OnBot_ws/install/cpp_pubsub/share/cpp_pubsub/package.ps1'
[34.862s] INFO:colcon.colcon_core.shell:Creating package descriptor '/home/portia/ThirdYearProject/ros2OnBot_ws/install/cpp_pubsub/share/cpp_pubsub/package.dsv'
[34.867s] INFO:colcon.colcon_core.shell:Creating package script '/home/portia/ThirdYearProject/ros2OnBot_ws/install/cpp_pubsub/share/cpp_pubsub/package.sh'
[34.875s] INFO:colcon.colcon_core.shell:Creating package script '/home/portia/ThirdYearProject/ros2OnBot_ws/install/cpp_pubsub/share/cpp_pubsub/package.bash'
[34.884s] INFO:colcon.colcon_core.shell:Creating package script '/home/portia/ThirdYearProject/ros2OnBot_ws/install/cpp_pubsub/share/cpp_pubsub/package.zsh'
[34.891s] Level 1:colcon.colcon_core.environment:create_file_with_runtime_dependencies(/home/portia/ThirdYearProject/ros2OnBot_ws/install/cpp_pubsub/share/colcon-core/packages/cpp_pubsub)
[34.894s] DEBUG:colcon.colcon_parallel_executor.executor.parallel:closing loop
[34.897s] DEBUG:colcon.colcon_parallel_executor.executor.parallel:loop closed
[34.898s] DEBUG:colcon.colcon_parallel_executor.executor.parallel:run_until_complete finished with '0'
[34.899s] DEBUG:colcon.colcon_core.event_reactor:joining thread
[34.941s] INFO:colcon.colcon_core.plugin_system:Skipping extension 'colcon_notification.desktop_notification.notify_send': Could not find 'notify-send'
[34.942s] INFO:colcon.colcon_core.plugin_system:Skipping extension 'colcon_notification.desktop_notification.terminal_notifier': Not used on non-Darwin systems
[34.943s] INFO:colcon.colcon_core.plugin_system:Skipping extension 'colcon_notification.desktop_notification.win32': Not used on non-Windows systems
[34.943s] INFO:colcon.colcon_notification.desktop_notification:Sending desktop notification using 'notify2'
[34.944s] DEBUG:colcon.colcon_notification.desktop_notification.notify2:Failed to initialize notify2: org.freedesktop.DBus.Error.NotSupported: Unable to autolaunch a dbus-daemon without a $DISPLAY for X11
[34.944s] DEBUG:colcon.colcon_core.event_reactor:joined thread
[34.949s] INFO:colcon.colcon_core.shell:Creating prefix script '/home/portia/ThirdYearProject/ros2OnBot_ws/install/local_setup.ps1'
[34.958s] INFO:colcon.colcon_core.shell:Creating prefix util module '/home/portia/ThirdYearProject/ros2OnBot_ws/install/_local_setup_util_ps1.py'
[34.971s] INFO:colcon.colcon_core.shell:Creating prefix chain script '/home/portia/ThirdYearProject/ros2OnBot_ws/install/setup.ps1'
[34.993s] INFO:colcon.colcon_core.shell:Creating prefix script '/home/portia/ThirdYearProject/ros2OnBot_ws/install/local_setup.sh'
[34.999s] INFO:colcon.colcon_core.shell:Creating prefix util module '/home/portia/ThirdYearProject/ros2OnBot_ws/install/_local_setup_util_sh.py'
[35.003s] INFO:colcon.colcon_core.shell:Creating prefix chain script '/home/portia/ThirdYearProject/ros2OnBot_ws/install/setup.sh'
[35.026s] INFO:colcon.colcon_core.shell:Creating prefix script '/home/portia/ThirdYearProject/ros2OnBot_ws/install/local_setup.bash'
[35.031s] INFO:colcon.colcon_core.shell:Creating prefix chain script '/home/portia/ThirdYearProject/ros2OnBot_ws/install/setup.bash'
[35.053s] INFO:colcon.colcon_core.shell:Creating prefix script '/home/portia/ThirdYearProject/ros2OnBot_ws/install/local_setup.zsh'
[35.058s] INFO:colcon.colcon_core.shell:Creating prefix chain script '/home/portia/ThirdYearProject/ros2OnBot_ws/install/setup.zsh'
