[1.750s] DEBUG:colcon:Command line arguments: ['/usr/bin/colcon', 'build']
[1.751s] DEBUG:colcon:Parsed command line arguments: Namespace(ament_cmake_args=None, base_paths='.', build_base='build', catkin_cmake_args=None, catkin_skip_building_tests=False, cmake_args=None, cmake_clean_cache=False, cmake_clean_first=False, cmake_force_configure=False, cmake_target=None, cmake_target_skip_unavailable=False, continue_on_error=False, event_handlers=None, executor='parallel', ignore_user_meta=False, install_base='install', log_base='log', log_level=None, main=<bound method BuildVerb.main of <colcon_core.verb.build.BuildVerb object at 0xffffa74db240>>, merge_install=False, metas='./colcon.meta', packages_above=None, packages_above_depth=None, packages_end=None, packages_ignore=None, packages_ignore_regex=None, packages_select=None, packages_select_build_failed=False, packages_select_by_dep=None, packages_select_regex=None, packages_select_test_failures=False, packages_skip=None, packages_skip_build_finished=False, packages_skip_by_dep=None, packages_skip_regex=None, packages_skip_test_passed=False, packages_skip_up_to=None, packages_start=None, packages_up_to=None, parallel_workers=4, paths=None, symlink_install=False, test_result_base=None, verb_extension=<colcon_core.verb.build.BuildVerb object at 0xffffa74db240>, verb_name='build', verb_parser=<colcon_defaults.argument_parser.defaults.DefaultArgumentsDecorator object at 0xffffa74db5c0>)
[2.114s] Level 1:colcon.colcon_core.package_discovery:discover_packages(colcon_meta) check parameters
[2.116s] Level 1:colcon.colcon_core.package_discovery:discover_packages(recursive) check parameters
[2.116s] Level 1:colcon.colcon_core.package_discovery:discover_packages(ignore) check parameters
[2.117s] Level 1:colcon.colcon_core.package_discovery:discover_packages(path) check parameters
[2.117s] Level 1:colcon.colcon_core.package_discovery:discover_packages(recursive) discover
[2.120s] INFO:colcon.colcon_core.package_discovery:Crawling recursively for packages in '/home/portia/ThirdYearProject/ros2OnBot_ws'
[2.120s] Level 1:colcon.colcon_core.package_identification:_identify(/home/portia/ThirdYearProject/ros2OnBot_ws) by extensions ['ignore', 'ignore_ament_install']
[2.122s] Level 1:colcon.colcon_core.package_identification:_identify(/home/portia/ThirdYearProject/ros2OnBot_ws) by extension 'ignore'
[2.123s] Level 1:colcon.colcon_core.package_identification:_identify(/home/portia/ThirdYearProject/ros2OnBot_ws) by extension 'ignore_ament_install'
[2.123s] Level 1:colcon.colcon_core.package_identification:_identify(/home/portia/ThirdYearProject/ros2OnBot_ws) by extensions ['colcon_pkg']
[2.124s] Level 1:colcon.colcon_core.package_identification:_identify(/home/portia/ThirdYearProject/ros2OnBot_ws) by extension 'colcon_pkg'
[2.125s] Level 1:colcon.colcon_core.package_identification:_identify(/home/portia/ThirdYearProject/ros2OnBot_ws) by extensions ['colcon_meta']
[2.126s] Level 1:colcon.colcon_core.package_identification:_identify(/home/portia/ThirdYearProject/ros2OnBot_ws) by extension 'colcon_meta'
[2.126s] Level 1:colcon.colcon_core.package_identification:_identify(/home/portia/ThirdYearProject/ros2OnBot_ws) by extensions ['ros']
[2.127s] Level 1:colcon.colcon_core.package_identification:_identify(/home/portia/ThirdYearProject/ros2OnBot_ws) by extension 'ros'
[2.230s] Level 1:colcon.colcon_core.package_identification:_identify(/home/portia/ThirdYearProject/ros2OnBot_ws) by extensions ['cmake', 'python']
[2.231s] Level 1:colcon.colcon_core.package_identification:_identify(/home/portia/ThirdYearProject/ros2OnBot_ws) by extension 'cmake'
[2.232s] Level 1:colcon.colcon_core.package_identification:_identify(/home/portia/ThirdYearProject/ros2OnBot_ws) by extension 'python'
[2.233s] Level 1:colcon.colcon_core.package_identification:_identify(/home/portia/ThirdYearProject/ros2OnBot_ws) by extensions ['python_setup_py']
[2.233s] Level 1:colcon.colcon_core.package_identification:_identify(/home/portia/ThirdYearProject/ros2OnBot_ws) by extension 'python_setup_py'
[2.235s] Level 1:colcon.colcon_core.package_identification:_identify(/home/portia/ThirdYearProject/ros2OnBot_ws/build) by extensions ['ignore', 'ignore_ament_install']
[2.236s] Level 1:colcon.colcon_core.package_identification:_identify(/home/portia/ThirdYearProject/ros2OnBot_ws/build) by extension 'ignore'
[2.236s] Level 1:colcon.colcon_core.package_identification:_identify(/home/portia/ThirdYearProject/ros2OnBot_ws/build) ignored
[2.240s] Level 1:colcon.colcon_core.package_identification:_identify(/home/portia/ThirdYearProject/ros2OnBot_ws/install) by extensions ['ignore', 'ignore_ament_install']
[2.241s] Level 1:colcon.colcon_core.package_identification:_identify(/home/portia/ThirdYearProject/ros2OnBot_ws/install) by extension 'ignore'
[2.241s] Level 1:colcon.colcon_core.package_identification:_identify(/home/portia/ThirdYearProject/ros2OnBot_ws/install) ignored
[2.242s] Level 1:colcon.colcon_core.package_identification:_identify(/home/portia/ThirdYearProject/ros2OnBot_ws/log) by extensions ['ignore', 'ignore_ament_install']
[2.243s] Level 1:colcon.colcon_core.package_identification:_identify(/home/portia/ThirdYearProject/ros2OnBot_ws/log) by extension 'ignore'
[2.244s] Level 1:colcon.colcon_core.package_identification:_identify(/home/portia/ThirdYearProject/ros2OnBot_ws/log) ignored
[2.245s] Level 1:colcon.colcon_core.package_identification:_identify(/home/portia/ThirdYearProject/ros2OnBot_ws/src) by extensions ['ignore', 'ignore_ament_install']
[2.246s] Level 1:colcon.colcon_core.package_identification:_identify(/home/portia/ThirdYearProject/ros2OnBot_ws/src) by extension 'ignore'
[2.247s] Level 1:colcon.colcon_core.package_identification:_identify(/home/portia/ThirdYearProject/ros2OnBot_ws/src) by extension 'ignore_ament_install'
[2.247s] Level 1:colcon.colcon_core.package_identification:_identify(/home/portia/ThirdYearProject/ros2OnBot_ws/src) by extensions ['colcon_pkg']
[2.248s] Level 1:colcon.colcon_core.package_identification:_identify(/home/portia/ThirdYearProject/ros2OnBot_ws/src) by extension 'colcon_pkg'
[2.249s] Level 1:colcon.colcon_core.package_identification:_identify(/home/portia/ThirdYearProject/ros2OnBot_ws/src) by extensions ['colcon_meta']
[2.250s] Level 1:colcon.colcon_core.package_identification:_identify(/home/portia/ThirdYearProject/ros2OnBot_ws/src) by extension 'colcon_meta'
[2.250s] Level 1:colcon.colcon_core.package_identification:_identify(/home/portia/ThirdYearProject/ros2OnBot_ws/src) by extensions ['ros']
[2.251s] Level 1:colcon.colcon_core.package_identification:_identify(/home/portia/ThirdYearProject/ros2OnBot_ws/src) by extension 'ros'
[2.252s] Level 1:colcon.colcon_core.package_identification:_identify(/home/portia/ThirdYearProject/ros2OnBot_ws/src) by extensions ['cmake', 'python']
[2.253s] Level 1:colcon.colcon_core.package_identification:_identify(/home/portia/ThirdYearProject/ros2OnBot_ws/src) by extension 'cmake'
[2.254s] Level 1:colcon.colcon_core.package_identification:_identify(/home/portia/ThirdYearProject/ros2OnBot_ws/src) by extension 'python'
[2.254s] Level 1:colcon.colcon_core.package_identification:_identify(/home/portia/ThirdYearProject/ros2OnBot_ws/src) by extensions ['python_setup_py']
[2.255s] Level 1:colcon.colcon_core.package_identification:_identify(/home/portia/ThirdYearProject/ros2OnBot_ws/src) by extension 'python_setup_py'
[2.256s] Level 1:colcon.colcon_core.package_identification:_identify(/home/portia/ThirdYearProject/ros2OnBot_ws/src/cpp_pubsub) by extensions ['ignore', 'ignore_ament_install']
[2.257s] Level 1:colcon.colcon_core.package_identification:_identify(/home/portia/ThirdYearProject/ros2OnBot_ws/src/cpp_pubsub) by extension 'ignore'
[2.258s] Level 1:colcon.colcon_core.package_identification:_identify(/home/portia/ThirdYearProject/ros2OnBot_ws/src/cpp_pubsub) by extension 'ignore_ament_install'
[2.259s] Level 1:colcon.colcon_core.package_identification:_identify(/home/portia/ThirdYearProject/ros2OnBot_ws/src/cpp_pubsub) by extensions ['colcon_pkg']
[2.260s] Level 1:colcon.colcon_core.package_identification:_identify(/home/portia/ThirdYearProject/ros2OnBot_ws/src/cpp_pubsub) by extension 'colcon_pkg'
[2.261s] Level 1:colcon.colcon_core.package_identification:_identify(/home/portia/ThirdYearProject/ros2OnBot_ws/src/cpp_pubsub) by extensions ['colcon_meta']
[2.261s] Level 1:colcon.colcon_core.package_identification:_identify(/home/portia/ThirdYearProject/ros2OnBot_ws/src/cpp_pubsub) by extension 'colcon_meta'
[2.262s] Level 1:colcon.colcon_core.package_identification:_identify(/home/portia/ThirdYearProject/ros2OnBot_ws/src/cpp_pubsub) by extensions ['ros']
[2.263s] Level 1:colcon.colcon_core.package_identification:_identify(/home/portia/ThirdYearProject/ros2OnBot_ws/src/cpp_pubsub) by extension 'ros'
[2.282s] DEBUG:colcon.colcon_core.package_identification:Package '/home/portia/ThirdYearProject/ros2OnBot_ws/src/cpp_pubsub' with type 'ros.ament_cmake' and name 'cpp_pubsub'
[2.283s] Level 1:colcon.colcon_core.package_discovery:discover_packages(recursive) using defaults
[2.335s] Level 5:colcon.colcon_core.verb:set package 'cpp_pubsub' build argument 'cmake_args' from command line to 'None'
[2.335s] Level 5:colcon.colcon_core.verb:set package 'cpp_pubsub' build argument 'cmake_target' from command line to 'None'
[2.336s] Level 5:colcon.colcon_core.verb:set package 'cpp_pubsub' build argument 'cmake_target_skip_unavailable' from command line to 'False'
[2.336s] Level 5:colcon.colcon_core.verb:set package 'cpp_pubsub' build argument 'cmake_clean_cache' from command line to 'False'
[2.336s] Level 5:colcon.colcon_core.verb:set package 'cpp_pubsub' build argument 'cmake_clean_first' from command line to 'False'
[2.336s] Level 5:colcon.colcon_core.verb:set package 'cpp_pubsub' build argument 'cmake_force_configure' from command line to 'False'
[2.337s] Level 5:colcon.colcon_core.verb:set package 'cpp_pubsub' build argument 'ament_cmake_args' from command line to 'None'
[2.337s] Level 5:colcon.colcon_core.verb:set package 'cpp_pubsub' build argument 'catkin_cmake_args' from command line to 'None'
[2.337s] Level 5:colcon.colcon_core.verb:set package 'cpp_pubsub' build argument 'catkin_skip_building_tests' from command line to 'False'
[2.338s] DEBUG:colcon.colcon_core.verb:Building package 'cpp_pubsub' with the following arguments: {'ament_cmake_args': None, 'build_base': '/home/portia/ThirdYearProject/ros2OnBot_ws/build/cpp_pubsub', 'catkin_cmake_args': None, 'catkin_skip_building_tests': False, 'cmake_args': None, 'cmake_clean_cache': False, 'cmake_clean_first': False, 'cmake_force_configure': False, 'cmake_target': None, 'cmake_target_skip_unavailable': False, 'install_base': '/home/portia/ThirdYearProject/ros2OnBot_ws/install/cpp_pubsub', 'merge_install': False, 'path': '/home/portia/ThirdYearProject/ros2OnBot_ws/src/cpp_pubsub', 'symlink_install': False, 'test_result_base': None}
[2.350s] INFO:colcon.colcon_core.executor:Executing jobs using 'parallel' executor
[2.354s] DEBUG:colcon.colcon_parallel_executor.executor.parallel:run_until_complete
[2.356s] INFO:colcon.colcon_ros.task.ament_cmake.build:Building ROS package in '/home/portia/ThirdYearProject/ros2OnBot_ws/src/cpp_pubsub' with build type 'ament_cmake'
[2.411s] INFO:colcon.colcon_core.plugin_system:Skipping extension 'colcon_core.shell.bat': Not used on non-Windows systems
[2.412s] INFO:colcon.colcon_cmake.task.cmake.build:Building CMake package in '/home/portia/ThirdYearProject/ros2OnBot_ws/src/cpp_pubsub'
[2.417s] INFO:colcon.colcon_core.shell:Skip shell extension 'powershell' for command environment: Not usable outside of PowerShell
[2.418s] DEBUG:colcon.colcon_core.shell:Skip shell extension 'dsv' for command environment
[2.459s] DEBUG:colcon.colcon_core.shell:Ignoring prefix path '/opt/ros/dashing'
[2.523s] DEBUG:colcon.colcon_core.event_handler.log_command:Invoking command in '/home/portia/ThirdYearProject/ros2OnBot_ws/build/cpp_pubsub': CMAKE_PREFIX_PATH=${CMAKE_PREFIX_PATH}:/home/portia/ThirdYearProject/ros2TurtleBot3_ws/install/turtlebot3_teleop:/home/portia/turtlebot3_ws/install/turtlebot3_teleop:/opt/ros/dashing /usr/bin/cmake /home/portia/ThirdYearProject/ros2OnBot_ws/src/cpp_pubsub -DCMAKE_INSTALL_PREFIX=/home/portia/ThirdYearProject/ros2OnBot_ws/install/cpp_pubsub
[6.000s] DEBUG:colcon.colcon_core.event_handler.log_command:Invoked command in '/home/portia/ThirdYearProject/ros2OnBot_ws/build/cpp_pubsub' returned '0': CMAKE_PREFIX_PATH=${CMAKE_PREFIX_PATH}:/home/portia/ThirdYearProject/ros2TurtleBot3_ws/install/turtlebot3_teleop:/home/portia/turtlebot3_ws/install/turtlebot3_teleop:/opt/ros/dashing /usr/bin/cmake /home/portia/ThirdYearProject/ros2OnBot_ws/src/cpp_pubsub -DCMAKE_INSTALL_PREFIX=/home/portia/ThirdYearProject/ros2OnBot_ws/install/cpp_pubsub
[6.019s] DEBUG:colcon.colcon_core.event_handler.log_command:Invoking command in '/home/portia/ThirdYearProject/ros2OnBot_ws/build/cpp_pubsub': CMAKE_PREFIX_PATH=${CMAKE_PREFIX_PATH}:/home/portia/ThirdYearProject/ros2TurtleBot3_ws/install/turtlebot3_teleop:/home/portia/turtlebot3_ws/install/turtlebot3_teleop:/opt/ros/dashing /usr/bin/cmake --build /home/portia/ThirdYearProject/ros2OnBot_ws/build/cpp_pubsub -- -j4 -l4
[6.429s] DEBUG:colcon.colcon_core.event_handler.log_command:Invoked command in '/home/portia/ThirdYearProject/ros2OnBot_ws/build/cpp_pubsub' returned '0': CMAKE_PREFIX_PATH=${CMAKE_PREFIX_PATH}:/home/portia/ThirdYearProject/ros2TurtleBot3_ws/install/turtlebot3_teleop:/home/portia/turtlebot3_ws/install/turtlebot3_teleop:/opt/ros/dashing /usr/bin/cmake --build /home/portia/ThirdYearProject/ros2OnBot_ws/build/cpp_pubsub -- -j4 -l4
[6.609s] DEBUG:colcon.colcon_core.event_handler.log_command:Invoking command in '/home/portia/ThirdYearProject/ros2OnBot_ws/build/cpp_pubsub': CMAKE_PREFIX_PATH=${CMAKE_PREFIX_PATH}:/home/portia/ThirdYearProject/ros2TurtleBot3_ws/install/turtlebot3_teleop:/home/portia/turtlebot3_ws/install/turtlebot3_teleop:/opt/ros/dashing /usr/bin/cmake --build /home/portia/ThirdYearProject/ros2OnBot_ws/build/cpp_pubsub --target install -- -j4 -l4
[7.185s] Level 1:colcon.colcon_core.environment:create_environment_scripts_only(cpp_pubsub)
[7.191s] DEBUG:colcon.colcon_core.event_handler.log_command:Invoked command in '/home/portia/ThirdYearProject/ros2OnBot_ws/build/cpp_pubsub' returned '0': CMAKE_PREFIX_PATH=${CMAKE_PREFIX_PATH}:/home/portia/ThirdYearProject/ros2TurtleBot3_ws/install/turtlebot3_teleop:/home/portia/turtlebot3_ws/install/turtlebot3_teleop:/opt/ros/dashing /usr/bin/cmake --build /home/portia/ThirdYearProject/ros2OnBot_ws/build/cpp_pubsub --target install -- -j4 -l4
[7.215s] Level 1:colcon.colcon_core.environment:checking '/home/portia/ThirdYearProject/ros2OnBot_ws/install/cpp_pubsub' for CMake module files
[7.220s] Level 1:colcon.colcon_core.environment:checking '/home/portia/ThirdYearProject/ros2OnBot_ws/install/cpp_pubsub' for CMake config files
[7.223s] Level 1:colcon.colcon_core.shell:create_environment_hook('cpp_pubsub', 'cmake_prefix_path')
[7.227s] INFO:colcon.colcon_core.shell:Creating environment hook '/home/portia/ThirdYearProject/ros2OnBot_ws/install/cpp_pubsub/share/cpp_pubsub/hook/cmake_prefix_path.ps1'
[7.233s] INFO:colcon.colcon_core.shell:Creating environment descriptor '/home/portia/ThirdYearProject/ros2OnBot_ws/install/cpp_pubsub/share/cpp_pubsub/hook/cmake_prefix_path.dsv'
[7.237s] INFO:colcon.colcon_core.shell:Creating environment hook '/home/portia/ThirdYearProject/ros2OnBot_ws/install/cpp_pubsub/share/cpp_pubsub/hook/cmake_prefix_path.sh'
[7.248s] Level 1:colcon.colcon_core.environment:checking '/home/portia/ThirdYearProject/ros2OnBot_ws/install/cpp_pubsub/lib'
[7.250s] Level 1:colcon.colcon_core.environment:checking '/home/portia/ThirdYearProject/ros2OnBot_ws/install/cpp_pubsub/bin'
[7.251s] Level 1:colcon.colcon_core.environment:checking '/home/portia/ThirdYearProject/ros2OnBot_ws/install/cpp_pubsub/lib/pkgconfig/cpp_pubsub.pc'
[7.251s] Level 1:colcon.colcon_core.environment:checking '/home/portia/ThirdYearProject/ros2OnBot_ws/install/cpp_pubsub/lib/python3.6/site-packages'
[7.256s] INFO:colcon.colcon_core.shell:Creating package script '/home/portia/ThirdYearProject/ros2OnBot_ws/install/cpp_pubsub/share/cpp_pubsub/package.ps1'
[7.265s] INFO:colcon.colcon_core.shell:Creating package descriptor '/home/portia/ThirdYearProject/ros2OnBot_ws/install/cpp_pubsub/share/cpp_pubsub/package.dsv'
[7.271s] INFO:colcon.colcon_core.shell:Creating package script '/home/portia/ThirdYearProject/ros2OnBot_ws/install/cpp_pubsub/share/cpp_pubsub/package.sh'
[7.279s] INFO:colcon.colcon_core.shell:Creating package script '/home/portia/ThirdYearProject/ros2OnBot_ws/install/cpp_pubsub/share/cpp_pubsub/package.bash'
[7.288s] INFO:colcon.colcon_core.shell:Creating package script '/home/portia/ThirdYearProject/ros2OnBot_ws/install/cpp_pubsub/share/cpp_pubsub/package.zsh'
[7.296s] Level 1:colcon.colcon_core.environment:create_file_with_runtime_dependencies(/home/portia/ThirdYearProject/ros2OnBot_ws/install/cpp_pubsub/share/colcon-core/packages/cpp_pubsub)
[7.299s] DEBUG:colcon.colcon_parallel_executor.executor.parallel:closing loop
[7.302s] DEBUG:colcon.colcon_parallel_executor.executor.parallel:loop closed
[7.303s] DEBUG:colcon.colcon_parallel_executor.executor.parallel:run_until_complete finished with '0'
[7.303s] DEBUG:colcon.colcon_core.event_reactor:joining thread
[7.367s] INFO:colcon.colcon_core.plugin_system:Skipping extension 'colcon_notification.desktop_notification.notify_send': Could not find 'notify-send'
[7.368s] INFO:colcon.colcon_core.plugin_system:Skipping extension 'colcon_notification.desktop_notification.terminal_notifier': Not used on non-Darwin systems
[7.369s] INFO:colcon.colcon_core.plugin_system:Skipping extension 'colcon_notification.desktop_notification.win32': Not used on non-Windows systems
[7.369s] INFO:colcon.colcon_notification.desktop_notification:Sending desktop notification using 'notify2'
[7.370s] DEBUG:colcon.colcon_notification.desktop_notification.notify2:Failed to initialize notify2: org.freedesktop.DBus.Error.NotSupported: Unable to autolaunch a dbus-daemon without a $DISPLAY for X11
[7.370s] DEBUG:colcon.colcon_core.event_reactor:joined thread
[7.375s] INFO:colcon.colcon_core.shell:Creating prefix script '/home/portia/ThirdYearProject/ros2OnBot_ws/install/local_setup.ps1'
[7.385s] INFO:colcon.colcon_core.shell:Creating prefix util module '/home/portia/ThirdYearProject/ros2OnBot_ws/install/_local_setup_util_ps1.py'
[7.397s] INFO:colcon.colcon_core.shell:Creating prefix chain script '/home/portia/ThirdYearProject/ros2OnBot_ws/install/setup.ps1'
[7.422s] INFO:colcon.colcon_core.shell:Creating prefix script '/home/portia/ThirdYearProject/ros2OnBot_ws/install/local_setup.sh'
[7.428s] INFO:colcon.colcon_core.shell:Creating prefix util module '/home/portia/ThirdYearProject/ros2OnBot_ws/install/_local_setup_util_sh.py'
[7.432s] INFO:colcon.colcon_core.shell:Creating prefix chain script '/home/portia/ThirdYearProject/ros2OnBot_ws/install/setup.sh'
[7.457s] INFO:colcon.colcon_core.shell:Creating prefix script '/home/portia/ThirdYearProject/ros2OnBot_ws/install/local_setup.bash'
[7.462s] INFO:colcon.colcon_core.shell:Creating prefix chain script '/home/portia/ThirdYearProject/ros2OnBot_ws/install/setup.bash'
[7.486s] INFO:colcon.colcon_core.shell:Creating prefix script '/home/portia/ThirdYearProject/ros2OnBot_ws/install/local_setup.zsh'
[7.491s] INFO:colcon.colcon_core.shell:Creating prefix chain script '/home/portia/ThirdYearProject/ros2OnBot_ws/install/setup.zsh'
