Determining if the pthread_create exist failed with the following output:
Change Dir: /home/toby/ThirdYearProject/ros2TurtleBot3_ws/build/turtlebot3_fake_node/CMakeFiles/CMakeTmp

Run Build Command:"/usr/bin/make" "cmTC_9b79a/fast"
/usr/bin/make -f CMakeFiles/cmTC_9b79a.dir/build.make CMakeFiles/cmTC_9b79a.dir/build
make[1]: Entering directory '/home/toby/ThirdYearProject/ros2TurtleBot3_ws/build/turtlebot3_fake_node/CMakeFiles/CMakeTmp'
Building C object CMakeFiles/cmTC_9b79a.dir/CheckSymbolExists.c.o
/usr/bin/cc    -o CMakeFiles/cmTC_9b79a.dir/CheckSymbolExists.c.o   -c /home/toby/ThirdYearProject/ros2TurtleBot3_ws/build/turtlebot3_fake_node/CMakeFiles/CMakeTmp/CheckSymbolExists.c
Linking C executable cmTC_9b79a
/usr/bin/cmake -E cmake_link_script CMakeFiles/cmTC_9b79a.dir/link.txt --verbose=1
/usr/bin/cc      CMakeFiles/cmTC_9b79a.dir/CheckSymbolExists.c.o  -o cmTC_9b79a 
CMakeFiles/cmTC_9b79a.dir/CheckSymbolExists.c.o: In function `main':
CheckSymbolExists.c:(.text+0x1b): undefined reference to `pthread_create'
collect2: error: ld returned 1 exit status
CMakeFiles/cmTC_9b79a.dir/build.make:97: recipe for target 'cmTC_9b79a' failed
make[1]: *** [cmTC_9b79a] Error 1
make[1]: Leaving directory '/home/toby/ThirdYearProject/ros2TurtleBot3_ws/build/turtlebot3_fake_node/CMakeFiles/CMakeTmp'
Makefile:126: recipe for target 'cmTC_9b79a/fast' failed
make: *** [cmTC_9b79a/fast] Error 2

File /home/toby/ThirdYearProject/ros2TurtleBot3_ws/build/turtlebot3_fake_node/CMakeFiles/CMakeTmp/CheckSymbolExists.c:
/* */
#include <pthread.h>

int main(int argc, char** argv)
{
  (void)argv;
#ifndef pthread_create
  return ((int*)(&pthread_create))[argc];
#else
  (void)argc;
  return 0;
#endif
}

Determining if the function pthread_create exists in the pthreads failed with the following output:
Change Dir: /home/toby/ThirdYearProject/ros2TurtleBot3_ws/build/turtlebot3_fake_node/CMakeFiles/CMakeTmp

Run Build Command:"/usr/bin/make" "cmTC_d711b/fast"
/usr/bin/make -f CMakeFiles/cmTC_d711b.dir/build.make CMakeFiles/cmTC_d711b.dir/build
make[1]: Entering directory '/home/toby/ThirdYearProject/ros2TurtleBot3_ws/build/turtlebot3_fake_node/CMakeFiles/CMakeTmp'
Building C object CMakeFiles/cmTC_d711b.dir/CheckFunctionExists.c.o
/usr/bin/cc   -DCHECK_FUNCTION_EXISTS=pthread_create   -o CMakeFiles/cmTC_d711b.dir/CheckFunctionExists.c.o   -c /usr/share/cmake-3.10/Modules/CheckFunctionExists.c
Linking C executable cmTC_d711b
/usr/bin/cmake -E cmake_link_script CMakeFiles/cmTC_d711b.dir/link.txt --verbose=1
/usr/bin/cc  -DCHECK_FUNCTION_EXISTS=pthread_create    CMakeFiles/cmTC_d711b.dir/CheckFunctionExists.c.o  -o cmTC_d711b -lpthreads 
/usr/bin/ld: cannot find -lpthreads
collect2: error: ld returned 1 exit status
CMakeFiles/cmTC_d711b.dir/build.make:97: recipe for target 'cmTC_d711b' failed
make[1]: *** [cmTC_d711b] Error 1
make[1]: Leaving directory '/home/toby/ThirdYearProject/ros2TurtleBot3_ws/build/turtlebot3_fake_node/CMakeFiles/CMakeTmp'
Makefile:126: recipe for target 'cmTC_d711b/fast' failed
make: *** [cmTC_d711b/fast] Error 2


