[1.902s] DEBUG:colcon:Command line arguments: ['/usr/bin/colcon', 'build', '--symlink-install', '--parallel-workers', '1']
[1.903s] DEBUG:colcon:Parsed command line arguments: Namespace(ament_cmake_args=None, base_paths='.', build_base='build', catkin_cmake_args=None, catkin_skip_building_tests=False, cmake_args=None, cmake_clean_cache=False, cmake_clean_first=False, cmake_force_configure=False, cmake_target=None, cmake_target_skip_unavailable=False, continue_on_error=False, event_handlers=None, executor='parallel', ignore_user_meta=False, install_base='install', log_base='log', log_level=None, main=<bound method BuildVerb.main of <colcon_core.verb.build.BuildVerb object at 0xffff7e2c9278>>, merge_install=False, metas='./colcon.meta', packages_above=None, packages_above_depth=None, packages_end=None, packages_ignore=None, packages_ignore_regex=None, packages_select=None, packages_select_build_failed=False, packages_select_by_dep=None, packages_select_regex=None, packages_select_test_failures=False, packages_skip=None, packages_skip_build_finished=False, packages_skip_by_dep=None, packages_skip_regex=None, packages_skip_test_passed=False, packages_skip_up_to=None, packages_start=None, packages_up_to=None, parallel_workers=1, paths=None, symlink_install=True, test_result_base=None, verb_extension=<colcon_core.verb.build.BuildVerb object at 0xffff7e2c9278>, verb_name='build', verb_parser=<colcon_defaults.argument_parser.defaults.DefaultArgumentsDecorator object at 0xffff7e2c95f8>)
[2.274s] Level 1:colcon.colcon_core.package_discovery:discover_packages(colcon_meta) check parameters
[2.276s] Level 1:colcon.colcon_core.package_discovery:discover_packages(recursive) check parameters
[2.277s] Level 1:colcon.colcon_core.package_discovery:discover_packages(ignore) check parameters
[2.277s] Level 1:colcon.colcon_core.package_discovery:discover_packages(path) check parameters
[2.277s] Level 1:colcon.colcon_core.package_discovery:discover_packages(recursive) discover
[2.280s] INFO:colcon.colcon_core.package_discovery:Crawling recursively for packages in '/home/portia/ThirdYearProject/ros2OnBot_ws'
[2.281s] Level 1:colcon.colcon_core.package_identification:_identify(/home/portia/ThirdYearProject/ros2OnBot_ws) by extensions ['ignore', 'ignore_ament_install']
[2.282s] Level 1:colcon.colcon_core.package_identification:_identify(/home/portia/ThirdYearProject/ros2OnBot_ws) by extension 'ignore'
[2.283s] Level 1:colcon.colcon_core.package_identification:_identify(/home/portia/ThirdYearProject/ros2OnBot_ws) by extension 'ignore_ament_install'
[2.284s] Level 1:colcon.colcon_core.package_identification:_identify(/home/portia/ThirdYearProject/ros2OnBot_ws) by extensions ['colcon_pkg']
[2.284s] Level 1:colcon.colcon_core.package_identification:_identify(/home/portia/ThirdYearProject/ros2OnBot_ws) by extension 'colcon_pkg'
[2.285s] Level 1:colcon.colcon_core.package_identification:_identify(/home/portia/ThirdYearProject/ros2OnBot_ws) by extensions ['colcon_meta']
[2.286s] Level 1:colcon.colcon_core.package_identification:_identify(/home/portia/ThirdYearProject/ros2OnBot_ws) by extension 'colcon_meta'
[2.286s] Level 1:colcon.colcon_core.package_identification:_identify(/home/portia/ThirdYearProject/ros2OnBot_ws) by extensions ['ros']
[2.287s] Level 1:colcon.colcon_core.package_identification:_identify(/home/portia/ThirdYearProject/ros2OnBot_ws) by extension 'ros'
[2.389s] Level 1:colcon.colcon_core.package_identification:_identify(/home/portia/ThirdYearProject/ros2OnBot_ws) by extensions ['cmake', 'python']
[2.390s] Level 1:colcon.colcon_core.package_identification:_identify(/home/portia/ThirdYearProject/ros2OnBot_ws) by extension 'cmake'
[2.391s] Level 1:colcon.colcon_core.package_identification:_identify(/home/portia/ThirdYearProject/ros2OnBot_ws) by extension 'python'
[2.392s] Level 1:colcon.colcon_core.package_identification:_identify(/home/portia/ThirdYearProject/ros2OnBot_ws) by extensions ['python_setup_py']
[2.393s] Level 1:colcon.colcon_core.package_identification:_identify(/home/portia/ThirdYearProject/ros2OnBot_ws) by extension 'python_setup_py'
[2.394s] Level 1:colcon.colcon_core.package_identification:_identify(/home/portia/ThirdYearProject/ros2OnBot_ws/build) by extensions ['ignore', 'ignore_ament_install']
[2.395s] Level 1:colcon.colcon_core.package_identification:_identify(/home/portia/ThirdYearProject/ros2OnBot_ws/build) by extension 'ignore'
[2.396s] Level 1:colcon.colcon_core.package_identification:_identify(/home/portia/ThirdYearProject/ros2OnBot_ws/build) ignored
[2.399s] Level 1:colcon.colcon_core.package_identification:_identify(/home/portia/ThirdYearProject/ros2OnBot_ws/install) by extensions ['ignore', 'ignore_ament_install']
[2.400s] Level 1:colcon.colcon_core.package_identification:_identify(/home/portia/ThirdYearProject/ros2OnBot_ws/install) by extension 'ignore'
[2.401s] Level 1:colcon.colcon_core.package_identification:_identify(/home/portia/ThirdYearProject/ros2OnBot_ws/install) ignored
[2.402s] Level 1:colcon.colcon_core.package_identification:_identify(/home/portia/ThirdYearProject/ros2OnBot_ws/log) by extensions ['ignore', 'ignore_ament_install']
[2.403s] Level 1:colcon.colcon_core.package_identification:_identify(/home/portia/ThirdYearProject/ros2OnBot_ws/log) by extension 'ignore'
[2.403s] Level 1:colcon.colcon_core.package_identification:_identify(/home/portia/ThirdYearProject/ros2OnBot_ws/log) ignored
[2.408s] Level 1:colcon.colcon_core.package_identification:_identify(/home/portia/ThirdYearProject/ros2OnBot_ws/src) by extensions ['ignore', 'ignore_ament_install']
[2.409s] Level 1:colcon.colcon_core.package_identification:_identify(/home/portia/ThirdYearProject/ros2OnBot_ws/src) by extension 'ignore'
[2.410s] Level 1:colcon.colcon_core.package_identification:_identify(/home/portia/ThirdYearProject/ros2OnBot_ws/src) by extension 'ignore_ament_install'
[2.411s] Level 1:colcon.colcon_core.package_identification:_identify(/home/portia/ThirdYearProject/ros2OnBot_ws/src) by extensions ['colcon_pkg']
[2.411s] Level 1:colcon.colcon_core.package_identification:_identify(/home/portia/ThirdYearProject/ros2OnBot_ws/src) by extension 'colcon_pkg'
[2.412s] Level 1:colcon.colcon_core.package_identification:_identify(/home/portia/ThirdYearProject/ros2OnBot_ws/src) by extensions ['colcon_meta']
[2.413s] Level 1:colcon.colcon_core.package_identification:_identify(/home/portia/ThirdYearProject/ros2OnBot_ws/src) by extension 'colcon_meta'
[2.413s] Level 1:colcon.colcon_core.package_identification:_identify(/home/portia/ThirdYearProject/ros2OnBot_ws/src) by extensions ['ros']
[2.414s] Level 1:colcon.colcon_core.package_identification:_identify(/home/portia/ThirdYearProject/ros2OnBot_ws/src) by extension 'ros'
[2.415s] Level 1:colcon.colcon_core.package_identification:_identify(/home/portia/ThirdYearProject/ros2OnBot_ws/src) by extensions ['cmake', 'python']
[2.416s] Level 1:colcon.colcon_core.package_identification:_identify(/home/portia/ThirdYearProject/ros2OnBot_ws/src) by extension 'cmake'
[2.417s] Level 1:colcon.colcon_core.package_identification:_identify(/home/portia/ThirdYearProject/ros2OnBot_ws/src) by extension 'python'
[2.417s] Level 1:colcon.colcon_core.package_identification:_identify(/home/portia/ThirdYearProject/ros2OnBot_ws/src) by extensions ['python_setup_py']
[2.418s] Level 1:colcon.colcon_core.package_identification:_identify(/home/portia/ThirdYearProject/ros2OnBot_ws/src) by extension 'python_setup_py'
[2.423s] Level 1:colcon.colcon_core.package_identification:_identify(/home/portia/ThirdYearProject/ros2OnBot_ws/src/cpp_pubsub) by extensions ['ignore', 'ignore_ament_install']
[2.424s] Level 1:colcon.colcon_core.package_identification:_identify(/home/portia/ThirdYearProject/ros2OnBot_ws/src/cpp_pubsub) by extension 'ignore'
[2.425s] Level 1:colcon.colcon_core.package_identification:_identify(/home/portia/ThirdYearProject/ros2OnBot_ws/src/cpp_pubsub) by extension 'ignore_ament_install'
[2.426s] Level 1:colcon.colcon_core.package_identification:_identify(/home/portia/ThirdYearProject/ros2OnBot_ws/src/cpp_pubsub) by extensions ['colcon_pkg']
[2.427s] Level 1:colcon.colcon_core.package_identification:_identify(/home/portia/ThirdYearProject/ros2OnBot_ws/src/cpp_pubsub) by extension 'colcon_pkg'
[2.427s] Level 1:colcon.colcon_core.package_identification:_identify(/home/portia/ThirdYearProject/ros2OnBot_ws/src/cpp_pubsub) by extensions ['colcon_meta']
[2.428s] Level 1:colcon.colcon_core.package_identification:_identify(/home/portia/ThirdYearProject/ros2OnBot_ws/src/cpp_pubsub) by extension 'colcon_meta'
[2.429s] Level 1:colcon.colcon_core.package_identification:_identify(/home/portia/ThirdYearProject/ros2OnBot_ws/src/cpp_pubsub) by extensions ['ros']
[2.429s] Level 1:colcon.colcon_core.package_identification:_identify(/home/portia/ThirdYearProject/ros2OnBot_ws/src/cpp_pubsub) by extension 'ros'
[2.452s] DEBUG:colcon.colcon_core.package_identification:Package '/home/portia/ThirdYearProject/ros2OnBot_ws/src/cpp_pubsub' with type 'ros.ament_cmake' and name 'cpp_pubsub'
[2.453s] Level 1:colcon.colcon_core.package_discovery:discover_packages(recursive) using defaults
[2.506s] Level 5:colcon.colcon_core.verb:set package 'cpp_pubsub' build argument 'cmake_args' from command line to 'None'
[2.507s] Level 5:colcon.colcon_core.verb:set package 'cpp_pubsub' build argument 'cmake_target' from command line to 'None'
[2.507s] Level 5:colcon.colcon_core.verb:set package 'cpp_pubsub' build argument 'cmake_target_skip_unavailable' from command line to 'False'
[2.507s] Level 5:colcon.colcon_core.verb:set package 'cpp_pubsub' build argument 'cmake_clean_cache' from command line to 'False'
[2.507s] Level 5:colcon.colcon_core.verb:set package 'cpp_pubsub' build argument 'cmake_clean_first' from command line to 'False'
[2.508s] Level 5:colcon.colcon_core.verb:set package 'cpp_pubsub' build argument 'cmake_force_configure' from command line to 'False'
[2.508s] Level 5:colcon.colcon_core.verb:set package 'cpp_pubsub' build argument 'ament_cmake_args' from command line to 'None'
[2.508s] Level 5:colcon.colcon_core.verb:set package 'cpp_pubsub' build argument 'catkin_cmake_args' from command line to 'None'
[2.508s] Level 5:colcon.colcon_core.verb:set package 'cpp_pubsub' build argument 'catkin_skip_building_tests' from command line to 'False'
[2.509s] DEBUG:colcon.colcon_core.verb:Building package 'cpp_pubsub' with the following arguments: {'ament_cmake_args': None, 'build_base': '/home/portia/ThirdYearProject/ros2OnBot_ws/build/cpp_pubsub', 'catkin_cmake_args': None, 'catkin_skip_building_tests': False, 'cmake_args': None, 'cmake_clean_cache': False, 'cmake_clean_first': False, 'cmake_force_configure': False, 'cmake_target': None, 'cmake_target_skip_unavailable': False, 'install_base': '/home/portia/ThirdYearProject/ros2OnBot_ws/install/cpp_pubsub', 'merge_install': False, 'path': '/home/portia/ThirdYearProject/ros2OnBot_ws/src/cpp_pubsub', 'symlink_install': True, 'test_result_base': None}
[2.521s] INFO:colcon.colcon_core.executor:Executing jobs using 'parallel' executor
[2.525s] DEBUG:colcon.colcon_parallel_executor.executor.parallel:run_until_complete
[2.528s] INFO:colcon.colcon_ros.task.ament_cmake.build:Building ROS package in '/home/portia/ThirdYearProject/ros2OnBot_ws/src/cpp_pubsub' with build type 'ament_cmake'
[2.584s] INFO:colcon.colcon_core.plugin_system:Skipping extension 'colcon_core.shell.bat': Not used on non-Windows systems
[2.586s] INFO:colcon.colcon_cmake.task.cmake.build:Building CMake package in '/home/portia/ThirdYearProject/ros2OnBot_ws/src/cpp_pubsub'
[2.595s] INFO:colcon.colcon_core.shell:Skip shell extension 'powershell' for command environment: Not usable outside of PowerShell
[2.596s] DEBUG:colcon.colcon_core.shell:Skip shell extension 'dsv' for command environment
[2.650s] DEBUG:colcon.colcon_core.shell:Ignoring prefix path '/opt/ros/dashing'
[2.704s] DEBUG:colcon.colcon_core.event_handler.log_command:Invoking command in '/home/portia/ThirdYearProject/ros2OnBot_ws/build/cpp_pubsub': CMAKE_PREFIX_PATH=${CMAKE_PREFIX_PATH}:/home/portia/ThirdYearProject/ros2TurtleBot3_ws/install/turtlebot3_teleop:/home/portia/turtlebot3_ws/install/turtlebot3_teleop:/opt/ros/dashing /usr/bin/cmake --build /home/portia/ThirdYearProject/ros2OnBot_ws/build/cpp_pubsub -- -j4 -l4
[27.469s] DEBUG:colcon.colcon_core.event_handler.log_command:Invoked command in '/home/portia/ThirdYearProject/ros2OnBot_ws/build/cpp_pubsub' returned '0': CMAKE_PREFIX_PATH=${CMAKE_PREFIX_PATH}:/home/portia/ThirdYearProject/ros2TurtleBot3_ws/install/turtlebot3_teleop:/home/portia/turtlebot3_ws/install/turtlebot3_teleop:/opt/ros/dashing /usr/bin/cmake --build /home/portia/ThirdYearProject/ros2OnBot_ws/build/cpp_pubsub -- -j4 -l4
[27.654s] DEBUG:colcon.colcon_core.event_handler.log_command:Invoking command in '/home/portia/ThirdYearProject/ros2OnBot_ws/build/cpp_pubsub': CMAKE_PREFIX_PATH=${CMAKE_PREFIX_PATH}:/home/portia/ThirdYearProject/ros2TurtleBot3_ws/install/turtlebot3_teleop:/home/portia/turtlebot3_ws/install/turtlebot3_teleop:/opt/ros/dashing /usr/bin/cmake --build /home/portia/ThirdYearProject/ros2OnBot_ws/build/cpp_pubsub --target install -- -j4 -l4
[28.328s] Level 1:colcon.colcon_core.environment:create_environment_scripts_only(cpp_pubsub)
[28.339s] DEBUG:colcon.colcon_core.event_handler.log_command:Invoked command in '/home/portia/ThirdYearProject/ros2OnBot_ws/build/cpp_pubsub' returned '0': CMAKE_PREFIX_PATH=${CMAKE_PREFIX_PATH}:/home/portia/ThirdYearProject/ros2TurtleBot3_ws/install/turtlebot3_teleop:/home/portia/turtlebot3_ws/install/turtlebot3_teleop:/opt/ros/dashing /usr/bin/cmake --build /home/portia/ThirdYearProject/ros2OnBot_ws/build/cpp_pubsub --target install -- -j4 -l4
[28.405s] Level 1:colcon.colcon_core.environment:checking '/home/portia/ThirdYearProject/ros2OnBot_ws/install/cpp_pubsub' for CMake module files
[28.411s] Level 1:colcon.colcon_core.environment:checking '/home/portia/ThirdYearProject/ros2OnBot_ws/install/cpp_pubsub' for CMake config files
[28.413s] Level 1:colcon.colcon_core.shell:create_environment_hook('cpp_pubsub', 'cmake_prefix_path')
[28.418s] INFO:colcon.colcon_core.shell:Creating environment hook '/home/portia/ThirdYearProject/ros2OnBot_ws/install/cpp_pubsub/share/cpp_pubsub/hook/cmake_prefix_path.ps1'
[28.424s] INFO:colcon.colcon_core.shell:Creating environment descriptor '/home/portia/ThirdYearProject/ros2OnBot_ws/install/cpp_pubsub/share/cpp_pubsub/hook/cmake_prefix_path.dsv'
[28.428s] INFO:colcon.colcon_core.shell:Creating environment hook '/home/portia/ThirdYearProject/ros2OnBot_ws/install/cpp_pubsub/share/cpp_pubsub/hook/cmake_prefix_path.sh'
[28.439s] Level 1:colcon.colcon_core.environment:checking '/home/portia/ThirdYearProject/ros2OnBot_ws/install/cpp_pubsub/lib'
[28.441s] Level 1:colcon.colcon_core.environment:checking '/home/portia/ThirdYearProject/ros2OnBot_ws/install/cpp_pubsub/bin'
[28.441s] Level 1:colcon.colcon_core.environment:checking '/home/portia/ThirdYearProject/ros2OnBot_ws/install/cpp_pubsub/lib/pkgconfig/cpp_pubsub.pc'
[28.442s] Level 1:colcon.colcon_core.environment:checking '/home/portia/ThirdYearProject/ros2OnBot_ws/install/cpp_pubsub/lib/python3.6/site-packages'
[28.447s] INFO:colcon.colcon_core.shell:Creating package script '/home/portia/ThirdYearProject/ros2OnBot_ws/install/cpp_pubsub/share/cpp_pubsub/package.ps1'
[28.456s] INFO:colcon.colcon_core.shell:Creating package descriptor '/home/portia/ThirdYearProject/ros2OnBot_ws/install/cpp_pubsub/share/cpp_pubsub/package.dsv'
[28.462s] INFO:colcon.colcon_core.shell:Creating package script '/home/portia/ThirdYearProject/ros2OnBot_ws/install/cpp_pubsub/share/cpp_pubsub/package.sh'
[28.471s] INFO:colcon.colcon_core.shell:Creating package script '/home/portia/ThirdYearProject/ros2OnBot_ws/install/cpp_pubsub/share/cpp_pubsub/package.bash'
[28.480s] INFO:colcon.colcon_core.shell:Creating package script '/home/portia/ThirdYearProject/ros2OnBot_ws/install/cpp_pubsub/share/cpp_pubsub/package.zsh'
[28.488s] Level 1:colcon.colcon_core.environment:create_file_with_runtime_dependencies(/home/portia/ThirdYearProject/ros2OnBot_ws/install/cpp_pubsub/share/colcon-core/packages/cpp_pubsub)
[28.490s] DEBUG:colcon.colcon_parallel_executor.executor.parallel:closing loop
[28.493s] DEBUG:colcon.colcon_parallel_executor.executor.parallel:loop closed
[28.494s] DEBUG:colcon.colcon_parallel_executor.executor.parallel:run_until_complete finished with '0'
[28.495s] DEBUG:colcon.colcon_core.event_reactor:joining thread
[28.605s] INFO:colcon.colcon_core.plugin_system:Skipping extension 'colcon_notification.desktop_notification.notify_send': Could not find 'notify-send'
[28.607s] INFO:colcon.colcon_core.plugin_system:Skipping extension 'colcon_notification.desktop_notification.terminal_notifier': Not used on non-Darwin systems
[28.607s] INFO:colcon.colcon_core.plugin_system:Skipping extension 'colcon_notification.desktop_notification.win32': Not used on non-Windows systems
[28.608s] INFO:colcon.colcon_notification.desktop_notification:Sending desktop notification using 'notify2'
[28.608s] DEBUG:colcon.colcon_notification.desktop_notification.notify2:Failed to initialize notify2: org.freedesktop.DBus.Error.NotSupported: Unable to autolaunch a dbus-daemon without a $DISPLAY for X11
[28.609s] DEBUG:colcon.colcon_core.event_reactor:joined thread
[28.614s] INFO:colcon.colcon_core.shell:Creating prefix script '/home/portia/ThirdYearProject/ros2OnBot_ws/install/local_setup.ps1'
[28.627s] INFO:colcon.colcon_core.shell:Creating prefix util module '/home/portia/ThirdYearProject/ros2OnBot_ws/install/_local_setup_util_ps1.py'
[28.640s] INFO:colcon.colcon_core.shell:Creating prefix chain script '/home/portia/ThirdYearProject/ros2OnBot_ws/install/setup.ps1'
[28.677s] INFO:colcon.colcon_core.shell:Creating prefix script '/home/portia/ThirdYearProject/ros2OnBot_ws/install/local_setup.sh'
[28.686s] INFO:colcon.colcon_core.shell:Creating prefix util module '/home/portia/ThirdYearProject/ros2OnBot_ws/install/_local_setup_util_sh.py'
[28.693s] INFO:colcon.colcon_core.shell:Creating prefix chain script '/home/portia/ThirdYearProject/ros2OnBot_ws/install/setup.sh'
[28.728s] INFO:colcon.colcon_core.shell:Creating prefix script '/home/portia/ThirdYearProject/ros2OnBot_ws/install/local_setup.bash'
[28.736s] INFO:colcon.colcon_core.shell:Creating prefix chain script '/home/portia/ThirdYearProject/ros2OnBot_ws/install/setup.bash'
[28.764s] INFO:colcon.colcon_core.shell:Creating prefix script '/home/portia/ThirdYearProject/ros2OnBot_ws/install/local_setup.zsh'
[28.772s] INFO:colcon.colcon_core.shell:Creating prefix chain script '/home/portia/ThirdYearProject/ros2OnBot_ws/install/setup.zsh'
