[1.799s] DEBUG:colcon:Command line arguments: ['/usr/bin/colcon', 'build']
[1.800s] DEBUG:colcon:Parsed command line arguments: Namespace(ament_cmake_args=None, base_paths='.', build_base='build', catkin_cmake_args=None, catkin_skip_building_tests=False, cmake_args=None, cmake_clean_cache=False, cmake_clean_first=False, cmake_force_configure=False, cmake_target=None, cmake_target_skip_unavailable=False, continue_on_error=False, event_handlers=None, executor='parallel', ignore_user_meta=False, install_base='install', log_base='log', log_level=None, main=<bound method BuildVerb.main of <colcon_core.verb.build.BuildVerb object at 0xffff8cd1f240>>, merge_install=False, metas='./colcon.meta', packages_above=None, packages_above_depth=None, packages_end=None, packages_ignore=None, packages_ignore_regex=None, packages_select=None, packages_select_build_failed=False, packages_select_by_dep=None, packages_select_regex=None, packages_select_test_failures=False, packages_skip=None, packages_skip_build_finished=False, packages_skip_by_dep=None, packages_skip_regex=None, packages_skip_test_passed=False, packages_skip_up_to=None, packages_start=None, packages_up_to=None, parallel_workers=4, paths=None, symlink_install=False, test_result_base=None, verb_extension=<colcon_core.verb.build.BuildVerb object at 0xffff8cd1f240>, verb_name='build', verb_parser=<colcon_defaults.argument_parser.defaults.DefaultArgumentsDecorator object at 0xffff8cd1f550>)
[2.295s] Level 1:colcon.colcon_core.package_discovery:discover_packages(colcon_meta) check parameters
[2.297s] Level 1:colcon.colcon_core.package_discovery:discover_packages(recursive) check parameters
[2.297s] Level 1:colcon.colcon_core.package_discovery:discover_packages(ignore) check parameters
[2.297s] Level 1:colcon.colcon_core.package_discovery:discover_packages(path) check parameters
[2.298s] Level 1:colcon.colcon_core.package_discovery:discover_packages(recursive) discover
[2.300s] INFO:colcon.colcon_core.package_discovery:Crawling recursively for packages in '/home/portia/ThirdYearProject/ros2OnBot_ws'
[2.301s] Level 1:colcon.colcon_core.package_identification:_identify(/home/portia/ThirdYearProject/ros2OnBot_ws) by extensions ['ignore', 'ignore_ament_install']
[2.302s] Level 1:colcon.colcon_core.package_identification:_identify(/home/portia/ThirdYearProject/ros2OnBot_ws) by extension 'ignore'
[2.303s] Level 1:colcon.colcon_core.package_identification:_identify(/home/portia/ThirdYearProject/ros2OnBot_ws) by extension 'ignore_ament_install'
[2.304s] Level 1:colcon.colcon_core.package_identification:_identify(/home/portia/ThirdYearProject/ros2OnBot_ws) by extensions ['colcon_pkg']
[2.305s] Level 1:colcon.colcon_core.package_identification:_identify(/home/portia/ThirdYearProject/ros2OnBot_ws) by extension 'colcon_pkg'
[2.305s] Level 1:colcon.colcon_core.package_identification:_identify(/home/portia/ThirdYearProject/ros2OnBot_ws) by extensions ['colcon_meta']
[2.306s] Level 1:colcon.colcon_core.package_identification:_identify(/home/portia/ThirdYearProject/ros2OnBot_ws) by extension 'colcon_meta'
[2.306s] Level 1:colcon.colcon_core.package_identification:_identify(/home/portia/ThirdYearProject/ros2OnBot_ws) by extensions ['ros']
[2.307s] Level 1:colcon.colcon_core.package_identification:_identify(/home/portia/ThirdYearProject/ros2OnBot_ws) by extension 'ros'
[2.455s] Level 1:colcon.colcon_core.package_identification:_identify(/home/portia/ThirdYearProject/ros2OnBot_ws) by extensions ['cmake', 'python']
[2.456s] Level 1:colcon.colcon_core.package_identification:_identify(/home/portia/ThirdYearProject/ros2OnBot_ws) by extension 'cmake'
[2.457s] Level 1:colcon.colcon_core.package_identification:_identify(/home/portia/ThirdYearProject/ros2OnBot_ws) by extension 'python'
[2.457s] Level 1:colcon.colcon_core.package_identification:_identify(/home/portia/ThirdYearProject/ros2OnBot_ws) by extensions ['python_setup_py']
[2.458s] Level 1:colcon.colcon_core.package_identification:_identify(/home/portia/ThirdYearProject/ros2OnBot_ws) by extension 'python_setup_py'
[2.459s] Level 1:colcon.colcon_core.package_identification:_identify(/home/portia/ThirdYearProject/ros2OnBot_ws/build) by extensions ['ignore', 'ignore_ament_install']
[2.460s] Level 1:colcon.colcon_core.package_identification:_identify(/home/portia/ThirdYearProject/ros2OnBot_ws/build) by extension 'ignore'
[2.461s] Level 1:colcon.colcon_core.package_identification:_identify(/home/portia/ThirdYearProject/ros2OnBot_ws/build) ignored
[2.464s] Level 1:colcon.colcon_core.package_identification:_identify(/home/portia/ThirdYearProject/ros2OnBot_ws/install) by extensions ['ignore', 'ignore_ament_install']
[2.465s] Level 1:colcon.colcon_core.package_identification:_identify(/home/portia/ThirdYearProject/ros2OnBot_ws/install) by extension 'ignore'
[2.465s] Level 1:colcon.colcon_core.package_identification:_identify(/home/portia/ThirdYearProject/ros2OnBot_ws/install) ignored
[2.466s] Level 1:colcon.colcon_core.package_identification:_identify(/home/portia/ThirdYearProject/ros2OnBot_ws/log) by extensions ['ignore', 'ignore_ament_install']
[2.467s] Level 1:colcon.colcon_core.package_identification:_identify(/home/portia/ThirdYearProject/ros2OnBot_ws/log) by extension 'ignore'
[2.468s] Level 1:colcon.colcon_core.package_identification:_identify(/home/portia/ThirdYearProject/ros2OnBot_ws/log) ignored
[2.468s] Level 1:colcon.colcon_core.package_identification:_identify(/home/portia/ThirdYearProject/ros2OnBot_ws/src) by extensions ['ignore', 'ignore_ament_install']
[2.469s] Level 1:colcon.colcon_core.package_identification:_identify(/home/portia/ThirdYearProject/ros2OnBot_ws/src) by extension 'ignore'
[2.470s] Level 1:colcon.colcon_core.package_identification:_identify(/home/portia/ThirdYearProject/ros2OnBot_ws/src) by extension 'ignore_ament_install'
[2.471s] Level 1:colcon.colcon_core.package_identification:_identify(/home/portia/ThirdYearProject/ros2OnBot_ws/src) by extensions ['colcon_pkg']
[2.472s] Level 1:colcon.colcon_core.package_identification:_identify(/home/portia/ThirdYearProject/ros2OnBot_ws/src) by extension 'colcon_pkg'
[2.472s] Level 1:colcon.colcon_core.package_identification:_identify(/home/portia/ThirdYearProject/ros2OnBot_ws/src) by extensions ['colcon_meta']
[2.473s] Level 1:colcon.colcon_core.package_identification:_identify(/home/portia/ThirdYearProject/ros2OnBot_ws/src) by extension 'colcon_meta'
[2.473s] Level 1:colcon.colcon_core.package_identification:_identify(/home/portia/ThirdYearProject/ros2OnBot_ws/src) by extensions ['ros']
[2.474s] Level 1:colcon.colcon_core.package_identification:_identify(/home/portia/ThirdYearProject/ros2OnBot_ws/src) by extension 'ros'
[2.475s] Level 1:colcon.colcon_core.package_identification:_identify(/home/portia/ThirdYearProject/ros2OnBot_ws/src) by extensions ['cmake', 'python']
[2.476s] Level 1:colcon.colcon_core.package_identification:_identify(/home/portia/ThirdYearProject/ros2OnBot_ws/src) by extension 'cmake'
[2.477s] Level 1:colcon.colcon_core.package_identification:_identify(/home/portia/ThirdYearProject/ros2OnBot_ws/src) by extension 'python'
[2.477s] Level 1:colcon.colcon_core.package_identification:_identify(/home/portia/ThirdYearProject/ros2OnBot_ws/src) by extensions ['python_setup_py']
[2.478s] Level 1:colcon.colcon_core.package_identification:_identify(/home/portia/ThirdYearProject/ros2OnBot_ws/src) by extension 'python_setup_py'
[2.479s] Level 1:colcon.colcon_core.package_discovery:discover_packages(recursive) using defaults
[2.525s] INFO:colcon.colcon_core.executor:Executing jobs using 'parallel' executor
[2.529s] DEBUG:colcon.colcon_parallel_executor.executor.parallel:run_until_complete
[2.530s] DEBUG:colcon.colcon_parallel_executor.executor.parallel:closing loop
[2.531s] DEBUG:colcon.colcon_parallel_executor.executor.parallel:loop closed
[2.531s] DEBUG:colcon.colcon_parallel_executor.executor.parallel:run_until_complete finished with '0'
[2.531s] DEBUG:colcon.colcon_core.event_reactor:joining thread
[2.587s] INFO:colcon.colcon_core.plugin_system:Skipping extension 'colcon_notification.desktop_notification.notify_send': Could not find 'notify-send'
[2.588s] INFO:colcon.colcon_core.plugin_system:Skipping extension 'colcon_notification.desktop_notification.terminal_notifier': Not used on non-Darwin systems
[2.589s] INFO:colcon.colcon_core.plugin_system:Skipping extension 'colcon_notification.desktop_notification.win32': Not used on non-Windows systems
[2.589s] INFO:colcon.colcon_notification.desktop_notification:Sending desktop notification using 'notify2'
[2.590s] DEBUG:colcon.colcon_notification.desktop_notification.notify2:Failed to initialize notify2: org.freedesktop.DBus.Error.NotSupported: Unable to autolaunch a dbus-daemon without a $DISPLAY for X11
[2.590s] DEBUG:colcon.colcon_core.event_reactor:joined thread
[2.641s] INFO:colcon.colcon_core.plugin_system:Skipping extension 'colcon_core.shell.bat': Not used on non-Windows systems
[2.643s] INFO:colcon.colcon_core.shell:Creating prefix script '/home/portia/ThirdYearProject/ros2OnBot_ws/install/local_setup.ps1'
[2.654s] INFO:colcon.colcon_core.shell:Creating prefix util module '/home/portia/ThirdYearProject/ros2OnBot_ws/install/_local_setup_util_ps1.py'
[2.671s] INFO:colcon.colcon_core.shell:Creating prefix chain script '/home/portia/ThirdYearProject/ros2OnBot_ws/install/setup.ps1'
[2.710s] INFO:colcon.colcon_core.shell:Creating prefix script '/home/portia/ThirdYearProject/ros2OnBot_ws/install/local_setup.sh'
[2.716s] INFO:colcon.colcon_core.shell:Creating prefix util module '/home/portia/ThirdYearProject/ros2OnBot_ws/install/_local_setup_util_sh.py'
[2.720s] INFO:colcon.colcon_core.shell:Creating prefix chain script '/home/portia/ThirdYearProject/ros2OnBot_ws/install/setup.sh'
[2.746s] INFO:colcon.colcon_core.shell:Creating prefix script '/home/portia/ThirdYearProject/ros2OnBot_ws/install/local_setup.bash'
[2.756s] INFO:colcon.colcon_core.shell:Creating prefix chain script '/home/portia/ThirdYearProject/ros2OnBot_ws/install/setup.bash'
[2.781s] INFO:colcon.colcon_core.shell:Creating prefix script '/home/portia/ThirdYearProject/ros2OnBot_ws/install/local_setup.zsh'
[2.790s] INFO:colcon.colcon_core.shell:Creating prefix chain script '/home/portia/ThirdYearProject/ros2OnBot_ws/install/setup.zsh'
