Determining if the pthread_create exist failed with the following output:
Change Dir: /home/portia/ThirdYearProject/ros2TurtleBot3_ws/build/cpp_pubsub/CMakeFiles/CMakeTmp

Run Build Command:"/usr/bin/make" "cmTC_cdf77/fast"
/usr/bin/make -f CMakeFiles/cmTC_cdf77.dir/build.make CMakeFiles/cmTC_cdf77.dir/build
make[1]: Entering directory '/home/portia/ThirdYearProject/ros2TurtleBot3_ws/build/cpp_pubsub/CMakeFiles/CMakeTmp'
Building C object CMakeFiles/cmTC_cdf77.dir/CheckSymbolExists.c.o
/usr/bin/cc    -o CMakeFiles/cmTC_cdf77.dir/CheckSymbolExists.c.o   -c /home/portia/ThirdYearProject/ros2TurtleBot3_ws/build/cpp_pubsub/CMakeFiles/CMakeTmp/CheckSymbolExists.c
Linking C executable cmTC_cdf77
/usr/bin/cmake -E cmake_link_script CMakeFiles/cmTC_cdf77.dir/link.txt --verbose=1
/usr/bin/cc      CMakeFiles/cmTC_cdf77.dir/CheckSymbolExists.c.o  -o cmTC_cdf77 
CMakeFiles/cmTC_cdf77.dir/CheckSymbolExists.c.o: In function `main':
CheckSymbolExists.c:(.text+0x14): undefined reference to `pthread_create'
CheckSymbolExists.c:(.text+0x18): undefined reference to `pthread_create'
collect2: error: ld returned 1 exit status
CMakeFiles/cmTC_cdf77.dir/build.make:97: recipe for target 'cmTC_cdf77' failed
make[1]: *** [cmTC_cdf77] Error 1
make[1]: Leaving directory '/home/portia/ThirdYearProject/ros2TurtleBot3_ws/build/cpp_pubsub/CMakeFiles/CMakeTmp'
Makefile:126: recipe for target 'cmTC_cdf77/fast' failed
make: *** [cmTC_cdf77/fast] Error 2

File /home/portia/ThirdYearProject/ros2TurtleBot3_ws/build/cpp_pubsub/CMakeFiles/CMakeTmp/CheckSymbolExists.c:
/* */
#include <pthread.h>

int main(int argc, char** argv)
{
  (void)argv;
#ifndef pthread_create
  return ((int*)(&pthread_create))[argc];
#else
  (void)argc;
  return 0;
#endif
}

Determining if the function pthread_create exists in the pthreads failed with the following output:
Change Dir: /home/portia/ThirdYearProject/ros2TurtleBot3_ws/build/cpp_pubsub/CMakeFiles/CMakeTmp

Run Build Command:"/usr/bin/make" "cmTC_ef52b/fast"
/usr/bin/make -f CMakeFiles/cmTC_ef52b.dir/build.make CMakeFiles/cmTC_ef52b.dir/build
make[1]: Entering directory '/home/portia/ThirdYearProject/ros2TurtleBot3_ws/build/cpp_pubsub/CMakeFiles/CMakeTmp'
Building C object CMakeFiles/cmTC_ef52b.dir/CheckFunctionExists.c.o
/usr/bin/cc   -DCHECK_FUNCTION_EXISTS=pthread_create   -o CMakeFiles/cmTC_ef52b.dir/CheckFunctionExists.c.o   -c /usr/share/cmake-3.10/Modules/CheckFunctionExists.c
Linking C executable cmTC_ef52b
/usr/bin/cmake -E cmake_link_script CMakeFiles/cmTC_ef52b.dir/link.txt --verbose=1
/usr/bin/cc  -DCHECK_FUNCTION_EXISTS=pthread_create    CMakeFiles/cmTC_ef52b.dir/CheckFunctionExists.c.o  -o cmTC_ef52b -lpthreads 
/usr/bin/ld: cannot find -lpthreads
collect2: error: ld returned 1 exit status
CMakeFiles/cmTC_ef52b.dir/build.make:97: recipe for target 'cmTC_ef52b' failed
make[1]: *** [cmTC_ef52b] Error 1
make[1]: Leaving directory '/home/portia/ThirdYearProject/ros2TurtleBot3_ws/build/cpp_pubsub/CMakeFiles/CMakeTmp'
Makefile:126: recipe for target 'cmTC_ef52b/fast' failed
make: *** [cmTC_ef52b/fast] Error 2


