Determining if the pthread_create exist failed with the following output:
Change Dir: /home/portia/ThirdYearProject/ros2OnBot_ws/build/cpp_pubsub/CMakeFiles/CMakeTmp

Run Build Command:"/usr/bin/make" "cmTC_1ab38/fast"
/usr/bin/make -f CMakeFiles/cmTC_1ab38.dir/build.make CMakeFiles/cmTC_1ab38.dir/build
make[1]: Entering directory '/home/portia/ThirdYearProject/ros2OnBot_ws/build/cpp_pubsub/CMakeFiles/CMakeTmp'
Building C object CMakeFiles/cmTC_1ab38.dir/CheckSymbolExists.c.o
/usr/bin/cc    -o CMakeFiles/cmTC_1ab38.dir/CheckSymbolExists.c.o   -c /home/portia/ThirdYearProject/ros2OnBot_ws/build/cpp_pubsub/CMakeFiles/CMakeTmp/CheckSymbolExists.c
Linking C executable cmTC_1ab38
/usr/bin/cmake -E cmake_link_script CMakeFiles/cmTC_1ab38.dir/link.txt --verbose=1
/usr/bin/cc      CMakeFiles/cmTC_1ab38.dir/CheckSymbolExists.c.o  -o cmTC_1ab38 
CMakeFiles/cmTC_1ab38.dir/CheckSymbolExists.c.o: In function `main':
CheckSymbolExists.c:(.text+0x14): undefined reference to `pthread_create'
CheckSymbolExists.c:(.text+0x18): undefined reference to `pthread_create'
collect2: error: ld returned 1 exit status
CMakeFiles/cmTC_1ab38.dir/build.make:97: recipe for target 'cmTC_1ab38' failed
make[1]: *** [cmTC_1ab38] Error 1
make[1]: Leaving directory '/home/portia/ThirdYearProject/ros2OnBot_ws/build/cpp_pubsub/CMakeFiles/CMakeTmp'
Makefile:126: recipe for target 'cmTC_1ab38/fast' failed
make: *** [cmTC_1ab38/fast] Error 2

File /home/portia/ThirdYearProject/ros2OnBot_ws/build/cpp_pubsub/CMakeFiles/CMakeTmp/CheckSymbolExists.c:
/* */
#include <pthread.h>

int main(int argc, char** argv)
{
  (void)argv;
#ifndef pthread_create
  return ((int*)(&pthread_create))[argc];
#else
  (void)argc;
  return 0;
#endif
}

Determining if the function pthread_create exists in the pthreads failed with the following output:
Change Dir: /home/portia/ThirdYearProject/ros2OnBot_ws/build/cpp_pubsub/CMakeFiles/CMakeTmp

Run Build Command:"/usr/bin/make" "cmTC_bd878/fast"
/usr/bin/make -f CMakeFiles/cmTC_bd878.dir/build.make CMakeFiles/cmTC_bd878.dir/build
make[1]: Entering directory '/home/portia/ThirdYearProject/ros2OnBot_ws/build/cpp_pubsub/CMakeFiles/CMakeTmp'
Building C object CMakeFiles/cmTC_bd878.dir/CheckFunctionExists.c.o
/usr/bin/cc   -DCHECK_FUNCTION_EXISTS=pthread_create   -o CMakeFiles/cmTC_bd878.dir/CheckFunctionExists.c.o   -c /usr/share/cmake-3.10/Modules/CheckFunctionExists.c
Linking C executable cmTC_bd878
/usr/bin/cmake -E cmake_link_script CMakeFiles/cmTC_bd878.dir/link.txt --verbose=1
/usr/bin/cc  -DCHECK_FUNCTION_EXISTS=pthread_create    CMakeFiles/cmTC_bd878.dir/CheckFunctionExists.c.o  -o cmTC_bd878 -lpthreads 
/usr/bin/ld: cannot find -lpthreads
collect2: error: ld returned 1 exit status
CMakeFiles/cmTC_bd878.dir/build.make:97: recipe for target 'cmTC_bd878' failed
make[1]: *** [cmTC_bd878] Error 1
make[1]: Leaving directory '/home/portia/ThirdYearProject/ros2OnBot_ws/build/cpp_pubsub/CMakeFiles/CMakeTmp'
Makefile:126: recipe for target 'cmTC_bd878/fast' failed
make: *** [cmTC_bd878/fast] Error 2


