Determining if the pthread_create exist failed with the following output:
Change Dir: /home/toby/ThirdYearProject/ros2TurtleBot3_ws/build/turtlebot3_node/CMakeFiles/CMakeTmp

Run Build Command:"/usr/bin/make" "cmTC_54233/fast"
/usr/bin/make -f CMakeFiles/cmTC_54233.dir/build.make CMakeFiles/cmTC_54233.dir/build
make[1]: Entering directory '/home/toby/ThirdYearProject/ros2TurtleBot3_ws/build/turtlebot3_node/CMakeFiles/CMakeTmp'
Building C object CMakeFiles/cmTC_54233.dir/CheckSymbolExists.c.o
/usr/bin/cc    -o CMakeFiles/cmTC_54233.dir/CheckSymbolExists.c.o   -c /home/toby/ThirdYearProject/ros2TurtleBot3_ws/build/turtlebot3_node/CMakeFiles/CMakeTmp/CheckSymbolExists.c
Linking C executable cmTC_54233
/usr/bin/cmake -E cmake_link_script CMakeFiles/cmTC_54233.dir/link.txt --verbose=1
/usr/bin/cc      CMakeFiles/cmTC_54233.dir/CheckSymbolExists.c.o  -o cmTC_54233 
CMakeFiles/cmTC_54233.dir/CheckSymbolExists.c.o: In function `main':
CheckSymbolExists.c:(.text+0x1b): undefined reference to `pthread_create'
collect2: error: ld returned 1 exit status
CMakeFiles/cmTC_54233.dir/build.make:97: recipe for target 'cmTC_54233' failed
make[1]: *** [cmTC_54233] Error 1
make[1]: Leaving directory '/home/toby/ThirdYearProject/ros2TurtleBot3_ws/build/turtlebot3_node/CMakeFiles/CMakeTmp'
Makefile:126: recipe for target 'cmTC_54233/fast' failed
make: *** [cmTC_54233/fast] Error 2

File /home/toby/ThirdYearProject/ros2TurtleBot3_ws/build/turtlebot3_node/CMakeFiles/CMakeTmp/CheckSymbolExists.c:
/* */
#include <pthread.h>

int main(int argc, char** argv)
{
  (void)argv;
#ifndef pthread_create
  return ((int*)(&pthread_create))[argc];
#else
  (void)argc;
  return 0;
#endif
}

Determining if the function pthread_create exists in the pthreads failed with the following output:
Change Dir: /home/toby/ThirdYearProject/ros2TurtleBot3_ws/build/turtlebot3_node/CMakeFiles/CMakeTmp

Run Build Command:"/usr/bin/make" "cmTC_c332e/fast"
/usr/bin/make -f CMakeFiles/cmTC_c332e.dir/build.make CMakeFiles/cmTC_c332e.dir/build
make[1]: Entering directory '/home/toby/ThirdYearProject/ros2TurtleBot3_ws/build/turtlebot3_node/CMakeFiles/CMakeTmp'
Building C object CMakeFiles/cmTC_c332e.dir/CheckFunctionExists.c.o
/usr/bin/cc   -DCHECK_FUNCTION_EXISTS=pthread_create   -o CMakeFiles/cmTC_c332e.dir/CheckFunctionExists.c.o   -c /usr/share/cmake-3.10/Modules/CheckFunctionExists.c
Linking C executable cmTC_c332e
/usr/bin/cmake -E cmake_link_script CMakeFiles/cmTC_c332e.dir/link.txt --verbose=1
/usr/bin/cc  -DCHECK_FUNCTION_EXISTS=pthread_create    CMakeFiles/cmTC_c332e.dir/CheckFunctionExists.c.o  -o cmTC_c332e -lpthreads 
/usr/bin/ld: cannot find -lpthreads
collect2: error: ld returned 1 exit status
CMakeFiles/cmTC_c332e.dir/build.make:97: recipe for target 'cmTC_c332e' failed
make[1]: *** [cmTC_c332e] Error 1
make[1]: Leaving directory '/home/toby/ThirdYearProject/ros2TurtleBot3_ws/build/turtlebot3_node/CMakeFiles/CMakeTmp'
Makefile:126: recipe for target 'cmTC_c332e/fast' failed
make: *** [cmTC_c332e/fast] Error 2


