  FeatureDetect.cpp
A:\tobyl\Documents\Programming stuff\ThirdYearProject\OpenCVCode\FeatureDetection\HistogramSegmentation\FeatureDetect.cpp(163,69): warning C4244: 'argument': conversion from '_Ty' to '_Tp', possible loss of data
          with
          [
              _Ty=float
          ]
          and
          [
              _Tp=int
          ]
A:\tobyl\Documents\Programming stuff\ThirdYearProject\OpenCVCode\FeatureDetection\HistogramSegmentation\FeatureDetect.cpp(164,65): warning C4244: 'argument': conversion from '_Ty' to '_Tp', possible loss of data
          with
          [
              _Ty=float
          ]
          and
          [
              _Tp=int
          ]
A:\tobyl\Documents\Programming stuff\ThirdYearProject\OpenCVCode\FeatureDetection\HistogramSegmentation\FeatureDetect.cpp(244,84): warning C4244: 'argument': conversion from 'double' to 'float', possible loss of data
A:\tobyl\Documents\Programming stuff\ThirdYearProject\OpenCVCode\FeatureDetection\HistogramSegmentation\FeatureDetect.cpp(245,84): warning C4244: 'argument': conversion from 'double' to 'float', possible loss of data
A:\tobyl\Documents\Programming stuff\ThirdYearProject\OpenCVCode\FeatureDetection\HistogramSegmentation\FeatureDetect.cpp(250,67): warning C4244: 'argument': conversion from 'double' to 'float', possible loss of data
A:\tobyl\Documents\Programming stuff\ThirdYearProject\OpenCVCode\FeatureDetection\HistogramSegmentation\FeatureDetect.cpp(251,67): warning C4244: 'argument': conversion from 'double' to 'float', possible loss of data
  FeatureDetect.vcxproj -> A:\tobyl\Documents\Programming stuff\ThirdYearProject\OpenCVCode\FeatureDetection\HistogramSegmentation\build\Debug\FeatureDetect.exe
