a:\tobyl\documents\programming stuff\thirdyearproject\opencvcode\featuredetection\histogramsegmentation\build\featuredetect.dir\debug\vc142.pdb
a:\tobyl\documents\programming stuff\thirdyearproject\opencvcode\featuredetection\histogramsegmentation\build\featuredetect.dir\debug\featuredetect.obj
a:\tobyl\documents\programming stuff\thirdyearproject\opencvcode\featuredetection\histogramsegmentation\build\featuredetect.dir\debug\utilitypieces.obj
a:\tobyl\documents\programming stuff\thirdyearproject\opencvcode\featuredetection\histogramsegmentation\build\featuredetect.dir\debug\objectdetection.obj
a:\tobyl\documents\programming stuff\thirdyearproject\opencvcode\featuredetection\histogramsegmentation\build\featuredetect.dir\debug\imgprocessing.obj
a:\tobyl\documents\programming stuff\thirdyearproject\opencvcode\featuredetection\histogramsegmentation\build\featuredetect.dir\debug\camera.obj
a:\tobyl\documents\programming stuff\thirdyearproject\opencvcode\featuredetection\histogramsegmentation\build\cmakefiles\generate.stamp
a:\tobyl\documents\programming stuff\thirdyearproject\opencvcode\featuredetection\histogramsegmentation\build\debug\featuredetect.pdb
a:\tobyl\documents\programming stuff\thirdyearproject\opencvcode\featuredetection\histogramsegmentation\build\featuredetect.dir\debug\featuredetect.tlog\cl.command.1.tlog
a:\tobyl\documents\programming stuff\thirdyearproject\opencvcode\featuredetection\histogramsegmentation\build\featuredetect.dir\debug\featuredetect.tlog\cl.read.1.tlog
a:\tobyl\documents\programming stuff\thirdyearproject\opencvcode\featuredetection\histogramsegmentation\build\featuredetect.dir\debug\featuredetect.tlog\cl.write.1.tlog
a:\tobyl\documents\programming stuff\thirdyearproject\opencvcode\featuredetection\histogramsegmentation\build\featuredetect.dir\debug\featuredetect.tlog\custombuild.command.1.tlog
a:\tobyl\documents\programming stuff\thirdyearproject\opencvcode\featuredetection\histogramsegmentation\build\featuredetect.dir\debug\featuredetect.tlog\custombuild.read.1.tlog
a:\tobyl\documents\programming stuff\thirdyearproject\opencvcode\featuredetection\histogramsegmentation\build\featuredetect.dir\debug\featuredetect.tlog\custombuild.write.1.tlog
a:\tobyl\documents\programming stuff\thirdyearproject\opencvcode\featuredetection\histogramsegmentation\build\featuredetect.dir\debug\featuredetect.tlog\link-cvtres.read.1.tlog
a:\tobyl\documents\programming stuff\thirdyearproject\opencvcode\featuredetection\histogramsegmentation\build\featuredetect.dir\debug\featuredetect.tlog\link-cvtres.write.1.tlog
a:\tobyl\documents\programming stuff\thirdyearproject\opencvcode\featuredetection\histogramsegmentation\build\featuredetect.dir\debug\featuredetect.tlog\link-rc.read.1.tlog
a:\tobyl\documents\programming stuff\thirdyearproject\opencvcode\featuredetection\histogramsegmentation\build\featuredetect.dir\debug\featuredetect.tlog\link-rc.write.1.tlog
a:\tobyl\documents\programming stuff\thirdyearproject\opencvcode\featuredetection\histogramsegmentation\build\featuredetect.dir\debug\featuredetect.tlog\link.command.1.tlog
a:\tobyl\documents\programming stuff\thirdyearproject\opencvcode\featuredetection\histogramsegmentation\build\featuredetect.dir\debug\featuredetect.tlog\link.read.1.tlog
a:\tobyl\documents\programming stuff\thirdyearproject\opencvcode\featuredetection\histogramsegmentation\build\featuredetect.dir\debug\featuredetect.tlog\link.read.2.tlog
a:\tobyl\documents\programming stuff\thirdyearproject\opencvcode\featuredetection\histogramsegmentation\build\featuredetect.dir\debug\featuredetect.tlog\link.write.1.tlog
